[19.03.16 21:23:52:431] Rudolf spawned at 114185,16659,5008,0
[19.03.16 21:23:57:422] Rudolf spawned at 19784,278187,-9704,0
[19.03.16 21:23:57:436] Rudolf spawned at -22461,277931,-13376,0
[19.03.16 21:23:57:632] Rudolf spawned at 49534,-60576,-2632,0
[19.03.16 21:23:57:634] Rudolf spawned at -19997,-246148,-8160,0
[19.03.16 21:23:57:634] Rudolf spawned at -19996,-246190,-8160,0
[19.03.16 21:23:57:640] Rudolf spawned at 50564,-45826,-3144,0
[19.03.16 21:23:57:641] Rudolf spawned at 50012,-43712,-2752,0
[19.03.16 21:23:57:644] Rudolf spawned at 178957,-15723,-4896,0
[19.03.16 21:23:57:648] Rudolf spawned at 55085,-40135,-2136,0
[19.03.16 21:23:57:658] Rudolf spawned at -42485,213570,-5080,0
[19.03.16 21:23:57:663] Rudolf spawned at -10869,16073,-4896,0
[19.03.16 21:23:57:669] Rudolf spawned at -43644,79743,-4736,0
[19.03.16 21:23:57:669] Rudolf spawned at -41560,84687,-4736,0
[19.03.16 21:23:58:093] Rudolf spawned at 119149,178401,-5432,0
[19.03.16 21:23:58:098] Rudolf spawned at 176122,-9747,-4896,0
[19.03.16 21:23:58:107] Rudolf spawned at -17731,84147,-5168,0
[19.03.16 21:23:58:109] Rudolf spawned at -44565,-244520,-7904,0
[19.03.16 21:23:58:934] Rudolf spawned at 14103,280597,-7552,0
[19.03.16 21:23:58:969] Rudolf spawned at -13851,280439,-10496,0
