[19.03.16 03:47:10] bosses Spawned RaidBoss Ketra's Hero Hekaton
[19.03.16 03:47:10] bosses Spawned RaidBoss Ketra's Commander Tayr
[19.03.16 03:47:10] bosses Spawned RaidBoss Ketra's Chief Brakki
[19.03.16 03:47:10] bosses Spawned RaidBoss Fenril Hound Kerinne
[19.03.16 03:47:10] bosses Spawned RaidBoss Fenril Hound Freki
[19.03.16 03:47:10] bosses Spawned RaidBoss Fenril Hound Uruz
[19.03.16 03:47:10] bosses Spawned RaidBoss Fenril Hound Kinaz
[19.03.16 03:47:10] bosses Spawned RaidBoss Wings of Flame Ixion
[19.03.16 03:47:10] bosses Spawned RaidBoss Ember
[19.03.16 03:47:10] bosses Spawned RaidBoss Serpent Demon Bifrons
[19.03.16 03:47:10] bosses Spawned RaidBoss Pagan Watcher Cerberon
[19.03.16 03:47:10] bosses Spawned RaidBoss Ghost of Peasant Leader
[19.03.16 03:47:10] bosses Spawned RaidBoss Shilen's Messenger Cabrio
[19.03.16 03:47:10] bosses Spawned RaidBoss Palibati Queen Themis
[19.03.16 03:47:10] bosses Spawned RaidBoss Bloody Empress Decarbia
[19.03.16 03:47:10] bosses Spawned RaidBoss Grave Robber Kim
[19.03.16 03:47:10] bosses Spawned RaidBoss Ghost Knight Kabed
[19.03.16 03:47:10] bosses Spawned RaidBoss Shilen's Priest Hisilrome
[19.03.16 03:47:10] bosses Spawned RaidBoss Biconne of Blue Sky
[19.03.16 03:47:10] bosses Spawned RaidBoss Earth Protector Panathen
[19.03.16 03:47:10] bosses Spawned RaidBoss Fafurion's Henchman Istary
[19.03.16 03:47:10] bosses Spawned RaidBoss Timak Seer Ragoth
[19.03.16 03:47:10] bosses Spawned RaidBoss Timak Orc Gosmos
[19.03.16 03:47:10] bosses Spawned RaidBoss Sukar Wererat Chief
[19.03.16 03:47:10] bosses Spawned RaidBoss Giant Wasteland Basilisk
[19.03.16 03:47:10] bosses Spawned RaidBoss Gargoyle Lord Sirocco
[19.03.16 03:47:10] bosses Spawned RaidBoss Tasaba Patriarch Hellena
[19.03.16 03:47:10] bosses Spawned RaidBoss Sebek
[19.03.16 03:47:10] bosses Spawned RaidBoss Soulless Wild Boar
[19.03.16 03:47:10] bosses Spawned RaidBoss Fierce Tiger King Angel
[19.03.16 03:47:10] bosses Spawned RaidBoss Harit Hero Tamash
[19.03.16 03:47:10] bosses Spawned RaidBoss Harit Guardian Garangky
[19.03.16 03:47:10] bosses Spawned RaidBoss Turek Mercenary Captain
[19.03.16 03:47:10] bosses Spawned RaidBoss Chertuba of Great Soul
[19.03.16 03:47:10] bosses Spawned RaidBoss Dopagen
[19.03.16 03:47:10] bosses Spawned RaidBoss Katu Van Leader Atui
[19.03.16 03:47:10] bosses Spawned RaidBoss Crazy Mechanic Golem
[19.03.16 03:47:10] bosses Spawned RaidBoss King Tarlk
[19.03.16 03:47:10] bosses Spawned RaidBoss Iron Giant Totem
[19.03.16 03:47:10] bosses Spawned RaidBoss Flamestone Golem
[19.03.16 03:47:10] bosses Spawned RaidBoss Last Lesser Giant Olkuth
[19.03.16 03:47:10] bosses Spawned RaidBoss Last Lesser Giant Glaki
[19.03.16 03:47:10] bosses Spawned RaidBoss Taik High Prefect Arak
[19.03.16 03:47:10] bosses Spawned RaidBoss Giant Marpanak
[19.03.16 03:47:10] bosses Spawned RaidBoss Gorgolos
[19.03.16 03:47:10] bosses Spawned RaidBoss Last Titan Utenus
[19.03.16 03:47:10] bosses Spawned RaidBoss Anais
[19.03.16 03:47:10] bosses Spawned RaidBoss Retreat Spider Cletu
[19.03.16 03:47:10] bosses Spawned RaidBoss Shacram
[19.03.16 03:47:10] bosses Spawned RaidBoss Evil Spirit Cyrion
[19.03.16 03:47:11] bosses Spawned RaidBoss Tirak
[19.03.16 03:47:11] bosses Spawned RaidBoss Unrequited Kael
[19.03.16 03:47:11] bosses Spawned RaidBoss Ragraman
[19.03.16 03:47:11] bosses Spawned RaidBoss Tracker Leader Sharuk
[19.03.16 03:47:11] bosses Spawned RaidBoss Patriarch Kuroboros
[19.03.16 03:47:11] bosses Spawned RaidBoss Kuroboros' Priest
[19.03.16 03:47:11] bosses Spawned RaidBoss Icarus Sample 1
[19.03.16 03:47:11] bosses Spawned RaidBoss Cronos's Servitor Mumu
[19.03.16 03:47:11] bosses Spawned RaidBoss Water Couatle Ateka
[19.03.16 03:47:11] bosses Spawned RaidBoss Mammon Collector Talos
[19.03.16 03:47:11] bosses Spawned RaidBoss Ghost of the Well Lidia
[19.03.16 03:47:11] bosses Spawned RaidBoss Gargoyle Lord Tiphon
[19.03.16 03:47:11] bosses Spawned RaidBoss Death Lord Shax
[19.03.16 03:47:11] bosses Spawned RaidBoss Plague Golem
[19.03.16 03:47:11] bosses Spawned RaidBoss Behemoth Leader
[19.03.16 03:47:11] bosses Spawned RaidBoss Dragon Beast
[19.03.16 03:47:11] bosses Spawned RaidBoss Drake Lord
[19.03.16 03:47:11] bosses Spawned RaidBoss Orfen
[19.03.16 03:47:11] bosses Spawned RaidBoss Boss Akata
[19.03.16 03:47:11] bosses Spawned RaidBoss Captain of Red Flag Shaka
[19.03.16 03:47:11] bosses Spawned RaidBoss Refugee Hopeful Leo
[19.03.16 03:47:11] bosses Spawned RaidBoss Carnage Lord Gato
[19.03.16 03:47:11] bosses Spawned RaidBoss Gigantic Chaos Golem
[19.03.16 03:47:11] bosses Spawned RaidBoss Queen Shyeed
[19.03.16 03:47:11] bosses Spawned RaidBoss Gwindorr
[19.03.16 03:47:11] bosses Spawned RaidBoss Water Spirit Lian
[19.03.16 03:47:11] bosses Spawned RaidBoss The 3rd Underwater Guardian
[19.03.16 03:47:11] bosses Spawned RaidBoss Eva's Guardian Millenu
[19.03.16 03:47:11] bosses Spawned RaidBoss Pan Dryad
[19.03.16 03:47:11] bosses Spawned RaidBoss Vuku Grand Seer Gharmash
[19.03.16 03:47:11] bosses Spawned RaidBoss Tiger Hornet
[19.03.16 03:47:11] bosses Spawned RaidBoss Eye of Beleth
[19.03.16 03:47:11] bosses Spawned RaidBoss Rahha
[19.03.16 03:47:11] bosses Spawned RaidBoss Doom Blade Tanatos
[19.03.16 03:47:11] bosses Spawned RaidBoss Fafurion's Herald Lokness
[19.03.16 03:47:11] bosses Spawned RaidBoss Water Dragon Seer Sheshark
[19.03.16 03:47:11] bosses Spawned RaidBoss Krokian Padisha Sobekk
[19.03.16 03:47:11] bosses Spawned RaidBoss Ocean Flame Ashakiel
[19.03.16 03:47:11] bosses Spawned RaidBoss Roaring Lord Kastor
[19.03.16 03:47:11] bosses Spawned RaidBoss Beast Lord Behemoth
[19.03.16 03:47:11] bosses Spawned RaidBoss Bandit Leader Barda
[19.03.16 03:47:11] bosses Spawned RaidBoss Thief Kelbar
[19.03.16 03:47:11] bosses Spawned RaidBoss Nellis' Vengeful Spirit
[19.03.16 03:47:11] bosses Spawned RaidBoss Rayito the Looter
[19.03.16 03:47:11] bosses Spawned RaidBoss Captain of the Ice Queen's Royal Guard
[19.03.16 03:47:11] bosses Spawned RaidBoss Barion
[19.03.16 03:47:11] bosses Spawned RaidBoss Karte
[19.03.16 03:47:11] bosses Spawned RaidBoss Verfa
[19.03.16 03:47:11] bosses Spawned RaidBoss Kernon
[19.03.16 03:47:11] bosses Spawned RaidBoss Korim
[19.03.16 03:47:11] bosses Spawned RaidBoss Longhorn Golkonda
[19.03.16 03:47:11] bosses Spawned RaidBoss Fire of Wrath Shuriel
[19.03.16 03:47:11] bosses Spawned RaidBoss Death Lord Hallate
[19.03.16 03:47:11] bosses Spawned RaidBoss Spirit of Andras the Betrayer
[19.03.16 03:47:11] bosses Spawned RaidBoss Enmity Ghost Ramdal
[19.03.16 03:47:11] bosses Spawned RaidBoss Immortal Savior Mardil
[19.03.16 03:47:11] bosses Spawned RaidBoss Cherub Galaxia
[19.03.16 03:47:11] bosses Spawned RaidBoss Zombie Lord Crowl
[19.03.16 03:47:11] bosses Spawned RaidBoss Ikuntai
[19.03.16 03:47:11] bosses Spawned RaidBoss Malex Herald of Dagoniel 
[19.03.16 03:47:11] bosses Spawned RaidBoss Zombie Lord Farakelsus
[19.03.16 03:47:11] bosses Spawned RaidBoss Hestia
[19.03.16 03:47:11] bosses Spawned RaidBoss Sejarr's Servitor
[19.03.16 03:47:11] bosses Spawned RaidBoss Agent of Beres Meana
[19.03.16 03:47:11] bosses Spawned RaidBoss Nakondas
[19.03.16 03:47:11] bosses Spawned RaidBoss Rotten Tree Repiro
[19.03.16 03:47:11] bosses Spawned RaidBoss Dread Avenger Kraven
[19.03.16 03:47:11] bosses Spawned RaidBoss Orfen's Handmaiden
[19.03.16 03:47:11] bosses Spawned RaidBoss Eva's Spirit Niniel
[19.03.16 03:47:11] bosses Spawned RaidBoss Fafurion's Envoy Pingolpin
[19.03.16 03:47:11] bosses Spawned RaidBoss Greyclaw Kutus
[19.03.16 03:47:11] bosses Spawned RaidBoss Kaysha Herald of Icarus
[19.03.16 03:47:11] bosses Spawned RaidBoss Atraiban
[19.03.16 03:47:11] bosses Spawned RaidBoss Demon Kurikups
[19.03.16 03:47:11] bosses Spawned RaidBoss Zaken's Butcher Krantz
[19.03.16 03:47:11] bosses Spawned RaidBoss Magus Kenishee
[19.03.16 03:47:11] bosses Spawned RaidBoss Zaken's Chief Mate Tillion
[19.03.16 03:47:11] bosses Spawned RaidBoss Taklacan
[19.03.16 03:47:11] bosses Spawned RaidBoss Torumba
[19.03.16 03:47:11] bosses Spawned RaidBoss Demon's Agent Falston
[19.03.16 03:47:11] bosses Spawned RaidBoss Flame of Splendor Barakiel
[19.03.16 03:47:11] bosses Spawned RaidBoss Rok
[19.03.16 03:47:11] bosses Spawned RaidBoss Enira
[19.03.16 03:47:11] bosses Spawned RaidBoss Valdstone
[19.03.16 03:47:11] bosses Spawned RaidBoss Cat's Eye Bandit
[19.03.16 03:47:11] bosses Spawned RaidBoss Flame Lord Shadar
[19.03.16 03:47:11] bosses Spawned RaidBoss Partisan Leader Talakin
[19.03.16 03:47:11] bosses Spawned RaidBoss Red Eye Captain Trakia
[19.03.16 03:47:11] bosses Spawned RaidBoss Nurka's Messenger
[19.03.16 03:47:11] bosses Spawned RaidBoss Lilith's Witch Marilion
[19.03.16 03:47:11] bosses Spawned RaidBoss Corsair Captain Kylon
[19.03.16 03:47:12] bosses Spawned RaidBoss Timak Orc Chief Ranger
[19.03.16 03:47:12] bosses Spawned RaidBoss Shaman King Selu
[19.03.16 03:47:12] bosses Spawned RaidBoss Princess Molrang
[19.03.16 03:47:12] bosses Spawned RaidBoss Soul Scavenger
[19.03.16 03:47:12] bosses Spawned RaidBoss Leader of Cat Gang
[19.03.16 03:47:12] bosses Spawned RaidBoss Discarded Guardian
[19.03.16 03:47:12] bosses Spawned RaidBoss Betrayer of Urutu Freki
[19.03.16 03:47:12] bosses Spawned RaidBoss Vanor Chief Kandra
[19.03.16 03:47:12] bosses Spawned RaidBoss Varka's Hero Shadith
[19.03.16 03:47:12] bosses Spawned RaidBoss Varka's Commander Mos
[19.03.16 03:47:12] bosses Spawned RaidBoss Varka's Chief Horus
[19.03.16 03:47:12] bosses Spawned RaidBoss Beleth's Seer Sephia
[19.03.16 03:47:12] bosses Spawned RaidBoss Skyla
[19.03.16 03:47:12] bosses Spawned RaidBoss Furious Thieles
[19.03.16 03:47:12] bosses Spawned RaidBoss Enchanted Forest Watcher Ruell
[19.03.16 03:47:12] bosses Spawned RaidBoss Messenger of Fairy Queen Berun
[19.03.16 03:47:12] bosses Spawned RaidBoss Paniel the Unicorn
[19.03.16 03:47:12] bosses Spawned RaidBoss Roaring Skylancer
[19.03.16 03:47:12] bosses Spawned RaidBoss Fairy Queen Timiniel
[19.03.16 03:47:12] bosses Spawned RaidBoss Abyss Brukunt
[19.03.16 03:47:12] bosses Spawned RaidBoss Storm Winged Naga
[19.03.16 03:47:12] bosses Spawned RaidBoss Palatanos of Horrific Power
[19.03.16 03:47:12] bosses Spawned RaidBoss Kernon's Faithful Servant Kelone
[19.03.16 03:47:12] bosses Spawned RaidBoss Death Lord Ipos
[19.03.16 03:47:12] bosses Spawned RaidBoss Meanas Anor
[19.03.16 03:47:12] bosses Spawned RaidBoss Gordon
[19.03.16 03:47:12] bosses Spawned RaidBoss Flamestone Giant
[19.03.16 03:47:12] bosses Spawned RaidBoss Uruka
[19.03.16 03:47:12] bosses Spawned RaidBoss Core
[19.03.16 03:47:12] bosses Spawned RaidBoss Revenant of Sir Calibus
[19.03.16 03:47:12] bosses Spawned RaidBoss Elf Renoa
[19.03.16 03:47:12] bosses Spawned RaidBoss Langk Matriarch Rashkos
[19.03.16 03:47:12] bosses Spawned RaidBoss Guilotine
[19.03.16 03:47:12] bosses Spawned RaidBoss Soul Collector Acheron
[19.03.16 03:47:12] bosses Spawned RaidBoss Evil Spirit Tempest
[19.03.16 03:47:12] bosses Spawned RaidBoss Fafurion's Page Sika
[19.03.16 03:47:12] bosses Spawned RaidBoss Premo Prime
[19.03.16 03:47:12] bosses Spawned RaidBoss Stakato Queen Zyrnna
[19.03.16 03:47:12] bosses Spawned RaidBoss Remmel
[19.03.16 03:47:12] bosses Spawned RaidBoss Lizardmen Leader Hellion
[19.03.16 03:47:12] bosses Spawned RaidBoss Captain of Queen's Royal Guards
[19.03.16 03:47:12] bosses Spawned RaidBoss Archon Suscepter
[19.03.16 03:47:12] bosses Spawned RaidBoss Breka Warlock Pastu
[19.03.16 03:47:12] bosses Spawned RaidBoss Road Scavenger Leader
[19.03.16 03:47:12] bosses Spawned RaidBoss Sorcerer Isirr
[19.03.16 03:47:12] bosses Spawned RaidBoss Anakim's Nemesis Zakaron
[19.03.16 03:47:12] bosses Spawned RaidBoss Mirror of Oblivion
[19.03.16 03:47:12] bosses Spawned RaidBoss Deadman Ereve
[19.03.16 03:47:12] bosses Spawned RaidBoss Madness Beast
[19.03.16 03:47:12] bosses Spawned RaidBoss Queen Ant
[19.03.16 03:47:12] bosses Spawned RaidBoss Andreas Van Halter
[19.03.16 03:47:12] bosses BaylorManager : State of Baylor is NOTSPAWN.
[19.03.16 03:47:12] bosses BaylorManager : Next spawn date of Baylor is Thu Jan 01 03:00:00 MSK 1970.
[19.03.16 03:47:12] bosses BaylorManager : Init BaylorManager.
[19.03.16 20:21:15] bosses Spawned RaidBoss Ketra's Hero Hekaton
[19.03.16 20:21:15] bosses Spawned RaidBoss Ketra's Commander Tayr
[19.03.16 20:21:15] bosses Spawned RaidBoss Ketra's Chief Brakki
[19.03.16 20:21:15] bosses Spawned RaidBoss Fenril Hound Kerinne
[19.03.16 20:21:15] bosses Spawned RaidBoss Fenril Hound Freki
[19.03.16 20:21:15] bosses Spawned RaidBoss Fenril Hound Uruz
[19.03.16 20:21:15] bosses Spawned RaidBoss Fenril Hound Kinaz
[19.03.16 20:21:15] bosses Spawned RaidBoss Wings of Flame Ixion
[19.03.16 20:21:15] bosses Spawned RaidBoss Ember
[19.03.16 20:21:16] bosses Spawned RaidBoss Serpent Demon Bifrons
[19.03.16 20:21:16] bosses Spawned RaidBoss Pagan Watcher Cerberon
[19.03.16 20:21:16] bosses Spawned RaidBoss Ghost of Peasant Leader
[19.03.16 20:21:16] bosses Spawned RaidBoss Shilen's Messenger Cabrio
[19.03.16 20:21:16] bosses Spawned RaidBoss Palibati Queen Themis
[19.03.16 20:21:16] bosses Spawned RaidBoss Bloody Empress Decarbia
[19.03.16 20:21:16] bosses Spawned RaidBoss Grave Robber Kim
[19.03.16 20:21:16] bosses Spawned RaidBoss Ghost Knight Kabed
[19.03.16 20:21:16] bosses Spawned RaidBoss Shilen's Priest Hisilrome
[19.03.16 20:21:16] bosses Spawned RaidBoss Biconne of Blue Sky
[19.03.16 20:21:16] bosses Spawned RaidBoss Earth Protector Panathen
[19.03.16 20:21:16] bosses Spawned RaidBoss Fafurion's Henchman Istary
[19.03.16 20:21:16] bosses Spawned RaidBoss Timak Seer Ragoth
[19.03.16 20:21:16] bosses Spawned RaidBoss Timak Orc Gosmos
[19.03.16 20:21:16] bosses Spawned RaidBoss Sukar Wererat Chief
[19.03.16 20:21:16] bosses Spawned RaidBoss Giant Wasteland Basilisk
[19.03.16 20:21:16] bosses Spawned RaidBoss Gargoyle Lord Sirocco
[19.03.16 20:21:16] bosses Spawned RaidBoss Tasaba Patriarch Hellena
[19.03.16 20:21:16] bosses Spawned RaidBoss Sebek
[19.03.16 20:21:16] bosses Spawned RaidBoss Soulless Wild Boar
[19.03.16 20:21:16] bosses Spawned RaidBoss Fierce Tiger King Angel
[19.03.16 20:21:16] bosses Spawned RaidBoss Harit Hero Tamash
[19.03.16 20:21:16] bosses Spawned RaidBoss Harit Guardian Garangky
[19.03.16 20:21:16] bosses Spawned RaidBoss Turek Mercenary Captain
[19.03.16 20:21:16] bosses Spawned RaidBoss Chertuba of Great Soul
[19.03.16 20:21:16] bosses Spawned RaidBoss Dopagen
[19.03.16 20:21:16] bosses Spawned RaidBoss Katu Van Leader Atui
[19.03.16 20:21:16] bosses Spawned RaidBoss Crazy Mechanic Golem
[19.03.16 20:21:16] bosses Spawned RaidBoss King Tarlk
[19.03.16 20:21:16] bosses Spawned RaidBoss Iron Giant Totem
[19.03.16 20:21:16] bosses Spawned RaidBoss Flamestone Golem
[19.03.16 20:21:16] bosses Spawned RaidBoss Last Lesser Giant Olkuth
[19.03.16 20:21:16] bosses Spawned RaidBoss Last Lesser Giant Glaki
[19.03.16 20:21:16] bosses Spawned RaidBoss Taik High Prefect Arak
[19.03.16 20:21:16] bosses Spawned RaidBoss Giant Marpanak
[19.03.16 20:21:16] bosses Spawned RaidBoss Gorgolos
[19.03.16 20:21:16] bosses Spawned RaidBoss Last Titan Utenus
[19.03.16 20:21:16] bosses Spawned RaidBoss Anais
[19.03.16 20:21:16] bosses Spawned RaidBoss Retreat Spider Cletu
[19.03.16 20:21:16] bosses Spawned RaidBoss Shacram
[19.03.16 20:21:16] bosses Spawned RaidBoss Evil Spirit Cyrion
[19.03.16 20:21:16] bosses Spawned RaidBoss Tirak
[19.03.16 20:21:16] bosses Spawned RaidBoss Unrequited Kael
[19.03.16 20:21:16] bosses Spawned RaidBoss Ragraman
[19.03.16 20:21:16] bosses Spawned RaidBoss Tracker Leader Sharuk
[19.03.16 20:21:16] bosses Spawned RaidBoss Patriarch Kuroboros
[19.03.16 20:21:16] bosses Spawned RaidBoss Kuroboros' Priest
[19.03.16 20:21:16] bosses Spawned RaidBoss Icarus Sample 1
[19.03.16 20:21:16] bosses Spawned RaidBoss Cronos's Servitor Mumu
[19.03.16 20:21:16] bosses Spawned RaidBoss Water Couatle Ateka
[19.03.16 20:21:16] bosses Spawned RaidBoss Mammon Collector Talos
[19.03.16 20:21:16] bosses Spawned RaidBoss Ghost of the Well Lidia
[19.03.16 20:21:16] bosses Spawned RaidBoss Gargoyle Lord Tiphon
[19.03.16 20:21:16] bosses Spawned RaidBoss Death Lord Shax
[19.03.16 20:21:16] bosses Spawned RaidBoss Plague Golem
[19.03.16 20:21:16] bosses Spawned RaidBoss Behemoth Leader
[19.03.16 20:21:16] bosses Spawned RaidBoss Dragon Beast
[19.03.16 20:21:16] bosses Spawned RaidBoss Drake Lord
[19.03.16 20:21:16] bosses Spawned RaidBoss Orfen
[19.03.16 20:21:16] bosses Spawned RaidBoss Boss Akata
[19.03.16 20:21:16] bosses Spawned RaidBoss Captain of Red Flag Shaka
[19.03.16 20:21:16] bosses Spawned RaidBoss Refugee Hopeful Leo
[19.03.16 20:21:16] bosses Spawned RaidBoss Carnage Lord Gato
[19.03.16 20:21:16] bosses Spawned RaidBoss Gigantic Chaos Golem
[19.03.16 20:21:16] bosses Spawned RaidBoss Queen Shyeed
[19.03.16 20:21:16] bosses Spawned RaidBoss Gwindorr
[19.03.16 20:21:16] bosses Spawned RaidBoss Water Spirit Lian
[19.03.16 20:21:16] bosses Spawned RaidBoss The 3rd Underwater Guardian
[19.03.16 20:21:16] bosses Spawned RaidBoss Eva's Guardian Millenu
[19.03.16 20:21:17] bosses Spawned RaidBoss Pan Dryad
[19.03.16 20:21:17] bosses Spawned RaidBoss Vuku Grand Seer Gharmash
[19.03.16 20:21:17] bosses Spawned RaidBoss Tiger Hornet
[19.03.16 20:21:17] bosses Spawned RaidBoss Eye of Beleth
[19.03.16 20:21:17] bosses Spawned RaidBoss Rahha
[19.03.16 20:21:17] bosses Spawned RaidBoss Doom Blade Tanatos
[19.03.16 20:21:17] bosses Spawned RaidBoss Fafurion's Herald Lokness
[19.03.16 20:21:17] bosses Spawned RaidBoss Water Dragon Seer Sheshark
[19.03.16 20:21:17] bosses Spawned RaidBoss Krokian Padisha Sobekk
[19.03.16 20:21:17] bosses Spawned RaidBoss Ocean Flame Ashakiel
[19.03.16 20:21:17] bosses Spawned RaidBoss Roaring Lord Kastor
[19.03.16 20:21:17] bosses Spawned RaidBoss Beast Lord Behemoth
[19.03.16 20:21:17] bosses Spawned RaidBoss Bandit Leader Barda
[19.03.16 20:21:17] bosses Spawned RaidBoss Thief Kelbar
[19.03.16 20:21:17] bosses Spawned RaidBoss Nellis' Vengeful Spirit
[19.03.16 20:21:17] bosses Spawned RaidBoss Rayito the Looter
[19.03.16 20:21:17] bosses Spawned RaidBoss Captain of the Ice Queen's Royal Guard
[19.03.16 20:21:17] bosses Spawned RaidBoss Barion
[19.03.16 20:21:17] bosses Spawned RaidBoss Karte
[19.03.16 20:21:17] bosses Spawned RaidBoss Verfa
[19.03.16 20:21:17] bosses Spawned RaidBoss Kernon
[19.03.16 20:21:17] bosses Spawned RaidBoss Korim
[19.03.16 20:21:17] bosses Spawned RaidBoss Longhorn Golkonda
[19.03.16 20:21:17] bosses Spawned RaidBoss Fire of Wrath Shuriel
[19.03.16 20:21:17] bosses Spawned RaidBoss Death Lord Hallate
[19.03.16 20:21:17] bosses Spawned RaidBoss Spirit of Andras the Betrayer
[19.03.16 20:21:17] bosses Spawned RaidBoss Enmity Ghost Ramdal
[19.03.16 20:21:17] bosses Spawned RaidBoss Immortal Savior Mardil
[19.03.16 20:21:17] bosses Spawned RaidBoss Cherub Galaxia
[19.03.16 20:21:17] bosses Spawned RaidBoss Zombie Lord Crowl
[19.03.16 20:21:17] bosses Spawned RaidBoss Ikuntai
[19.03.16 20:21:17] bosses Spawned RaidBoss Malex Herald of Dagoniel 
[19.03.16 20:21:17] bosses Spawned RaidBoss Zombie Lord Farakelsus
[19.03.16 20:21:17] bosses Spawned RaidBoss Hestia
[19.03.16 20:21:17] bosses Spawned RaidBoss Sejarr's Servitor
[19.03.16 20:21:17] bosses Spawned RaidBoss Agent of Beres Meana
[19.03.16 20:21:17] bosses Spawned RaidBoss Nakondas
[19.03.16 20:21:17] bosses Spawned RaidBoss Rotten Tree Repiro
[19.03.16 20:21:17] bosses Spawned RaidBoss Dread Avenger Kraven
[19.03.16 20:21:17] bosses Spawned RaidBoss Orfen's Handmaiden
[19.03.16 20:21:17] bosses Spawned RaidBoss Eva's Spirit Niniel
[19.03.16 20:21:17] bosses Spawned RaidBoss Fafurion's Envoy Pingolpin
[19.03.16 20:21:17] bosses Spawned RaidBoss Greyclaw Kutus
[19.03.16 20:21:17] bosses Spawned RaidBoss Kaysha Herald of Icarus
[19.03.16 20:21:17] bosses Spawned RaidBoss Atraiban
[19.03.16 20:21:17] bosses Spawned RaidBoss Demon Kurikups
[19.03.16 20:21:17] bosses Spawned RaidBoss Zaken's Butcher Krantz
[19.03.16 20:21:17] bosses Spawned RaidBoss Magus Kenishee
[19.03.16 20:21:17] bosses Spawned RaidBoss Zaken's Chief Mate Tillion
[19.03.16 20:21:17] bosses Spawned RaidBoss Taklacan
[19.03.16 20:21:17] bosses Spawned RaidBoss Torumba
[19.03.16 20:21:17] bosses Spawned RaidBoss Demon's Agent Falston
[19.03.16 20:21:17] bosses Spawned RaidBoss Flame of Splendor Barakiel
[19.03.16 20:21:17] bosses Spawned RaidBoss Rok
[19.03.16 20:21:17] bosses Spawned RaidBoss Enira
[19.03.16 20:21:17] bosses Spawned RaidBoss Valdstone
[19.03.16 20:21:17] bosses Spawned RaidBoss Cat's Eye Bandit
[19.03.16 20:21:17] bosses Spawned RaidBoss Flame Lord Shadar
[19.03.16 20:21:17] bosses Spawned RaidBoss Partisan Leader Talakin
[19.03.16 20:21:17] bosses Spawned RaidBoss Red Eye Captain Trakia
[19.03.16 20:21:17] bosses Spawned RaidBoss Nurka's Messenger
[19.03.16 20:21:17] bosses Spawned RaidBoss Lilith's Witch Marilion
[19.03.16 20:21:17] bosses Spawned RaidBoss Corsair Captain Kylon
[19.03.16 20:21:17] bosses Spawned RaidBoss Timak Orc Chief Ranger
[19.03.16 20:21:17] bosses Spawned RaidBoss Shaman King Selu
[19.03.16 20:21:17] bosses Spawned RaidBoss Princess Molrang
[19.03.16 20:21:17] bosses Spawned RaidBoss Soul Scavenger
[19.03.16 20:21:17] bosses Spawned RaidBoss Leader of Cat Gang
[19.03.16 20:21:17] bosses Spawned RaidBoss Discarded Guardian
[19.03.16 20:21:17] bosses Spawned RaidBoss Betrayer of Urutu Freki
[19.03.16 20:21:17] bosses Spawned RaidBoss Vanor Chief Kandra
[19.03.16 20:21:17] bosses Spawned RaidBoss Varka's Hero Shadith
[19.03.16 20:21:17] bosses Spawned RaidBoss Varka's Commander Mos
[19.03.16 20:21:17] bosses Spawned RaidBoss Varka's Chief Horus
[19.03.16 20:21:17] bosses Spawned RaidBoss Beleth's Seer Sephia
[19.03.16 20:21:17] bosses Spawned RaidBoss Skyla
[19.03.16 20:21:17] bosses Spawned RaidBoss Furious Thieles
[19.03.16 20:21:17] bosses Spawned RaidBoss Enchanted Forest Watcher Ruell
[19.03.16 20:21:17] bosses Spawned RaidBoss Messenger of Fairy Queen Berun
[19.03.16 20:21:17] bosses Spawned RaidBoss Paniel the Unicorn
[19.03.16 20:21:17] bosses Spawned RaidBoss Roaring Skylancer
[19.03.16 20:21:17] bosses Spawned RaidBoss Fairy Queen Timiniel
[19.03.16 20:21:17] bosses Spawned RaidBoss Abyss Brukunt
[19.03.16 20:21:17] bosses Spawned RaidBoss Storm Winged Naga
[19.03.16 20:21:17] bosses Spawned RaidBoss Palatanos of Horrific Power
[19.03.16 20:21:17] bosses Spawned RaidBoss Kernon's Faithful Servant Kelone
[19.03.16 20:21:17] bosses Spawned RaidBoss Death Lord Ipos
[19.03.16 20:21:17] bosses Spawned RaidBoss Meanas Anor
[19.03.16 20:21:17] bosses Spawned RaidBoss Gordon
[19.03.16 20:21:17] bosses Spawned RaidBoss Flamestone Giant
[19.03.16 20:21:18] bosses Spawned RaidBoss Uruka
[19.03.16 20:21:18] bosses Spawned RaidBoss Core
[19.03.16 20:21:18] bosses Spawned RaidBoss Revenant of Sir Calibus
[19.03.16 20:21:18] bosses Spawned RaidBoss Elf Renoa
[19.03.16 20:21:18] bosses Spawned RaidBoss Langk Matriarch Rashkos
[19.03.16 20:21:18] bosses Spawned RaidBoss Guilotine
[19.03.16 20:21:18] bosses Spawned RaidBoss Soul Collector Acheron
[19.03.16 20:21:18] bosses Spawned RaidBoss Evil Spirit Tempest
[19.03.16 20:21:18] bosses Spawned RaidBoss Fafurion's Page Sika
[19.03.16 20:21:18] bosses Spawned RaidBoss Premo Prime
[19.03.16 20:21:18] bosses Spawned RaidBoss Stakato Queen Zyrnna
[19.03.16 20:21:18] bosses Spawned RaidBoss Remmel
[19.03.16 20:21:18] bosses Spawned RaidBoss Lizardmen Leader Hellion
[19.03.16 20:21:18] bosses Spawned RaidBoss Captain of Queen's Royal Guards
[19.03.16 20:21:18] bosses Spawned RaidBoss Archon Suscepter
[19.03.16 20:21:18] bosses Spawned RaidBoss Breka Warlock Pastu
[19.03.16 20:21:18] bosses Spawned RaidBoss Road Scavenger Leader
[19.03.16 20:21:18] bosses Spawned RaidBoss Sorcerer Isirr
[19.03.16 20:21:18] bosses Spawned RaidBoss Anakim's Nemesis Zakaron
[19.03.16 20:21:18] bosses Spawned RaidBoss Mirror of Oblivion
[19.03.16 20:21:18] bosses Spawned RaidBoss Deadman Ereve
[19.03.16 20:21:18] bosses Spawned RaidBoss Madness Beast
[19.03.16 20:21:18] bosses Spawned RaidBoss Queen Ant
[19.03.16 20:21:18] bosses Spawned RaidBoss Andreas Van Halter
[19.03.16 20:21:18] bosses BaylorManager : State of Baylor is NOTSPAWN.
[19.03.16 20:21:18] bosses BaylorManager : Next spawn date of Baylor is Thu Jan 01 03:00:00 MSK 1970.
[19.03.16 20:21:18] bosses BaylorManager : Init BaylorManager.
[19.03.16 21:23:45] bosses Spawned RaidBoss Ketra's Hero Hekaton
[19.03.16 21:23:45] bosses Spawned RaidBoss Ketra's Commander Tayr
[19.03.16 21:23:45] bosses Spawned RaidBoss Ketra's Chief Brakki
[19.03.16 21:23:45] bosses Spawned RaidBoss Fenril Hound Kerinne
[19.03.16 21:23:45] bosses Spawned RaidBoss Fenril Hound Freki
[19.03.16 21:23:45] bosses Spawned RaidBoss Fenril Hound Uruz
[19.03.16 21:23:45] bosses Spawned RaidBoss Fenril Hound Kinaz
[19.03.16 21:23:45] bosses Spawned RaidBoss Wings of Flame Ixion
[19.03.16 21:23:45] bosses Spawned RaidBoss Ember
[19.03.16 21:23:45] bosses Spawned RaidBoss Serpent Demon Bifrons
[19.03.16 21:23:45] bosses Spawned RaidBoss Pagan Watcher Cerberon
[19.03.16 21:23:46] bosses Spawned RaidBoss Ghost of Peasant Leader
[19.03.16 21:23:46] bosses Spawned RaidBoss Shilen's Messenger Cabrio
[19.03.16 21:23:46] bosses Spawned RaidBoss Palibati Queen Themis
[19.03.16 21:23:46] bosses Spawned RaidBoss Bloody Empress Decarbia
[19.03.16 21:23:46] bosses Spawned RaidBoss Grave Robber Kim
[19.03.16 21:23:46] bosses Spawned RaidBoss Ghost Knight Kabed
[19.03.16 21:23:46] bosses Spawned RaidBoss Shilen's Priest Hisilrome
[19.03.16 21:23:46] bosses Spawned RaidBoss Biconne of Blue Sky
[19.03.16 21:23:46] bosses Spawned RaidBoss Earth Protector Panathen
[19.03.16 21:23:46] bosses Spawned RaidBoss Fafurion's Henchman Istary
[19.03.16 21:23:46] bosses Spawned RaidBoss Timak Seer Ragoth
[19.03.16 21:23:46] bosses Spawned RaidBoss Timak Orc Gosmos
[19.03.16 21:23:46] bosses Spawned RaidBoss Sukar Wererat Chief
[19.03.16 21:23:46] bosses Spawned RaidBoss Giant Wasteland Basilisk
[19.03.16 21:23:46] bosses Spawned RaidBoss Gargoyle Lord Sirocco
[19.03.16 21:23:46] bosses Spawned RaidBoss Tasaba Patriarch Hellena
[19.03.16 21:23:46] bosses Spawned RaidBoss Sebek
[19.03.16 21:23:46] bosses Spawned RaidBoss Soulless Wild Boar
[19.03.16 21:23:46] bosses Spawned RaidBoss Fierce Tiger King Angel
[19.03.16 21:23:46] bosses Spawned RaidBoss Harit Hero Tamash
[19.03.16 21:23:46] bosses Spawned RaidBoss Harit Guardian Garangky
[19.03.16 21:23:46] bosses Spawned RaidBoss Turek Mercenary Captain
[19.03.16 21:23:46] bosses Spawned RaidBoss Chertuba of Great Soul
[19.03.16 21:23:46] bosses Spawned RaidBoss Dopagen
[19.03.16 21:23:46] bosses Spawned RaidBoss Katu Van Leader Atui
[19.03.16 21:23:46] bosses Spawned RaidBoss Crazy Mechanic Golem
[19.03.16 21:23:46] bosses Spawned RaidBoss King Tarlk
[19.03.16 21:23:46] bosses Spawned RaidBoss Iron Giant Totem
[19.03.16 21:23:46] bosses Spawned RaidBoss Flamestone Golem
[19.03.16 21:23:46] bosses Spawned RaidBoss Last Lesser Giant Olkuth
[19.03.16 21:23:46] bosses Spawned RaidBoss Last Lesser Giant Glaki
[19.03.16 21:23:46] bosses Spawned RaidBoss Taik High Prefect Arak
[19.03.16 21:23:46] bosses Spawned RaidBoss Giant Marpanak
[19.03.16 21:23:46] bosses Spawned RaidBoss Gorgolos
[19.03.16 21:23:46] bosses Spawned RaidBoss Last Titan Utenus
[19.03.16 21:23:46] bosses Spawned RaidBoss Anais
[19.03.16 21:23:46] bosses Spawned RaidBoss Retreat Spider Cletu
[19.03.16 21:23:46] bosses Spawned RaidBoss Shacram
[19.03.16 21:23:46] bosses Spawned RaidBoss Evil Spirit Cyrion
[19.03.16 21:23:46] bosses Spawned RaidBoss Tirak
[19.03.16 21:23:46] bosses Spawned RaidBoss Unrequited Kael
[19.03.16 21:23:46] bosses Spawned RaidBoss Ragraman
[19.03.16 21:23:46] bosses Spawned RaidBoss Tracker Leader Sharuk
[19.03.16 21:23:46] bosses Spawned RaidBoss Patriarch Kuroboros
[19.03.16 21:23:46] bosses Spawned RaidBoss Kuroboros' Priest
[19.03.16 21:23:46] bosses Spawned RaidBoss Icarus Sample 1
[19.03.16 21:23:46] bosses Spawned RaidBoss Cronos's Servitor Mumu
[19.03.16 21:23:46] bosses Spawned RaidBoss Water Couatle Ateka
[19.03.16 21:23:46] bosses Spawned RaidBoss Mammon Collector Talos
[19.03.16 21:23:46] bosses Spawned RaidBoss Ghost of the Well Lidia
[19.03.16 21:23:46] bosses Spawned RaidBoss Gargoyle Lord Tiphon
[19.03.16 21:23:46] bosses Spawned RaidBoss Death Lord Shax
[19.03.16 21:23:46] bosses Spawned RaidBoss Plague Golem
[19.03.16 21:23:47] bosses Spawned RaidBoss Behemoth Leader
[19.03.16 21:23:47] bosses Spawned RaidBoss Dragon Beast
[19.03.16 21:23:47] bosses Spawned RaidBoss Drake Lord
[19.03.16 21:23:47] bosses Spawned RaidBoss Orfen
[19.03.16 21:23:47] bosses Spawned RaidBoss Boss Akata
[19.03.16 21:23:47] bosses Spawned RaidBoss Captain of Red Flag Shaka
[19.03.16 21:23:47] bosses Spawned RaidBoss Refugee Hopeful Leo
[19.03.16 21:23:47] bosses Spawned RaidBoss Carnage Lord Gato
[19.03.16 21:23:47] bosses Spawned RaidBoss Gigantic Chaos Golem
[19.03.16 21:23:47] bosses Spawned RaidBoss Queen Shyeed
[19.03.16 21:23:47] bosses Spawned RaidBoss Gwindorr
[19.03.16 21:23:47] bosses Spawned RaidBoss Water Spirit Lian
[19.03.16 21:23:47] bosses Spawned RaidBoss The 3rd Underwater Guardian
[19.03.16 21:23:47] bosses Spawned RaidBoss Eva's Guardian Millenu
[19.03.16 21:23:47] bosses Spawned RaidBoss Pan Dryad
[19.03.16 21:23:47] bosses Spawned RaidBoss Vuku Grand Seer Gharmash
[19.03.16 21:23:47] bosses Spawned RaidBoss Tiger Hornet
[19.03.16 21:23:47] bosses Spawned RaidBoss Eye of Beleth
[19.03.16 21:23:47] bosses Spawned RaidBoss Rahha
[19.03.16 21:23:47] bosses Spawned RaidBoss Doom Blade Tanatos
[19.03.16 21:23:47] bosses Spawned RaidBoss Fafurion's Herald Lokness
[19.03.16 21:23:47] bosses Spawned RaidBoss Water Dragon Seer Sheshark
[19.03.16 21:23:47] bosses Spawned RaidBoss Krokian Padisha Sobekk
[19.03.16 21:23:47] bosses Spawned RaidBoss Ocean Flame Ashakiel
[19.03.16 21:23:47] bosses Spawned RaidBoss Roaring Lord Kastor
[19.03.16 21:23:47] bosses Spawned RaidBoss Beast Lord Behemoth
[19.03.16 21:23:47] bosses Spawned RaidBoss Bandit Leader Barda
[19.03.16 21:23:47] bosses Spawned RaidBoss Thief Kelbar
[19.03.16 21:23:47] bosses Spawned RaidBoss Nellis' Vengeful Spirit
[19.03.16 21:23:47] bosses Spawned RaidBoss Rayito the Looter
[19.03.16 21:23:47] bosses Spawned RaidBoss Captain of the Ice Queen's Royal Guard
[19.03.16 21:23:47] bosses Spawned RaidBoss Barion
[19.03.16 21:23:47] bosses Spawned RaidBoss Karte
[19.03.16 21:23:47] bosses Spawned RaidBoss Verfa
[19.03.16 21:23:47] bosses Spawned RaidBoss Kernon
[19.03.16 21:23:47] bosses Spawned RaidBoss Korim
[19.03.16 21:23:47] bosses Spawned RaidBoss Longhorn Golkonda
[19.03.16 21:23:47] bosses Spawned RaidBoss Fire of Wrath Shuriel
[19.03.16 21:23:47] bosses Spawned RaidBoss Death Lord Hallate
[19.03.16 21:23:47] bosses Spawned RaidBoss Spirit of Andras the Betrayer
[19.03.16 21:23:47] bosses Spawned RaidBoss Enmity Ghost Ramdal
[19.03.16 21:23:47] bosses Spawned RaidBoss Immortal Savior Mardil
[19.03.16 21:23:47] bosses Spawned RaidBoss Cherub Galaxia
[19.03.16 21:23:47] bosses Spawned RaidBoss Zombie Lord Crowl
[19.03.16 21:23:47] bosses Spawned RaidBoss Ikuntai
[19.03.16 21:23:47] bosses Spawned RaidBoss Malex Herald of Dagoniel 
[19.03.16 21:23:47] bosses Spawned RaidBoss Zombie Lord Farakelsus
[19.03.16 21:23:47] bosses Spawned RaidBoss Hestia
[19.03.16 21:23:47] bosses Spawned RaidBoss Sejarr's Servitor
[19.03.16 21:23:47] bosses Spawned RaidBoss Agent of Beres Meana
[19.03.16 21:23:47] bosses Spawned RaidBoss Nakondas
[19.03.16 21:23:47] bosses Spawned RaidBoss Rotten Tree Repiro
[19.03.16 21:23:47] bosses Spawned RaidBoss Dread Avenger Kraven
[19.03.16 21:23:47] bosses Spawned RaidBoss Orfen's Handmaiden
[19.03.16 21:23:47] bosses Spawned RaidBoss Eva's Spirit Niniel
[19.03.16 21:23:47] bosses Spawned RaidBoss Fafurion's Envoy Pingolpin
[19.03.16 21:23:47] bosses Spawned RaidBoss Greyclaw Kutus
[19.03.16 21:23:47] bosses Spawned RaidBoss Kaysha Herald of Icarus
[19.03.16 21:23:47] bosses Spawned RaidBoss Atraiban
[19.03.16 21:23:47] bosses Spawned RaidBoss Demon Kurikups
[19.03.16 21:23:47] bosses Spawned RaidBoss Zaken's Butcher Krantz
[19.03.16 21:23:47] bosses Spawned RaidBoss Magus Kenishee
[19.03.16 21:23:47] bosses Spawned RaidBoss Zaken's Chief Mate Tillion
[19.03.16 21:23:47] bosses Spawned RaidBoss Taklacan
[19.03.16 21:23:47] bosses Spawned RaidBoss Torumba
[19.03.16 21:23:47] bosses Spawned RaidBoss Demon's Agent Falston
[19.03.16 21:23:47] bosses Spawned RaidBoss Flame of Splendor Barakiel
[19.03.16 21:23:47] bosses Spawned RaidBoss Rok
[19.03.16 21:23:47] bosses Spawned RaidBoss Enira
[19.03.16 21:23:47] bosses Spawned RaidBoss Valdstone
[19.03.16 21:23:47] bosses Spawned RaidBoss Cat's Eye Bandit
[19.03.16 21:23:47] bosses Spawned RaidBoss Flame Lord Shadar
[19.03.16 21:23:47] bosses Spawned RaidBoss Partisan Leader Talakin
[19.03.16 21:23:47] bosses Spawned RaidBoss Red Eye Captain Trakia
[19.03.16 21:23:47] bosses Spawned RaidBoss Nurka's Messenger
[19.03.16 21:23:47] bosses Spawned RaidBoss Lilith's Witch Marilion
[19.03.16 21:23:47] bosses Spawned RaidBoss Corsair Captain Kylon
[19.03.16 21:23:47] bosses Spawned RaidBoss Timak Orc Chief Ranger
[19.03.16 21:23:47] bosses Spawned RaidBoss Shaman King Selu
[19.03.16 21:23:47] bosses Spawned RaidBoss Princess Molrang
[19.03.16 21:23:47] bosses Spawned RaidBoss Soul Scavenger
[19.03.16 21:23:47] bosses Spawned RaidBoss Leader of Cat Gang
[19.03.16 21:23:47] bosses Spawned RaidBoss Discarded Guardian
[19.03.16 21:23:47] bosses Spawned RaidBoss Betrayer of Urutu Freki
[19.03.16 21:23:47] bosses Spawned RaidBoss Vanor Chief Kandra
[19.03.16 21:23:47] bosses Spawned RaidBoss Varka's Hero Shadith
[19.03.16 21:23:47] bosses Spawned RaidBoss Varka's Commander Mos
[19.03.16 21:23:47] bosses Spawned RaidBoss Varka's Chief Horus
[19.03.16 21:23:47] bosses Spawned RaidBoss Beleth's Seer Sephia
[19.03.16 21:23:47] bosses Spawned RaidBoss Skyla
[19.03.16 21:23:47] bosses Spawned RaidBoss Furious Thieles
[19.03.16 21:23:47] bosses Spawned RaidBoss Enchanted Forest Watcher Ruell
[19.03.16 21:23:47] bosses Spawned RaidBoss Messenger of Fairy Queen Berun
[19.03.16 21:23:47] bosses Spawned RaidBoss Paniel the Unicorn
[19.03.16 21:23:47] bosses Spawned RaidBoss Roaring Skylancer
[19.03.16 21:23:47] bosses Spawned RaidBoss Fairy Queen Timiniel
[19.03.16 21:23:48] bosses Spawned RaidBoss Abyss Brukunt
[19.03.16 21:23:48] bosses Spawned RaidBoss Storm Winged Naga
[19.03.16 21:23:48] bosses Spawned RaidBoss Palatanos of Horrific Power
[19.03.16 21:23:48] bosses Spawned RaidBoss Kernon's Faithful Servant Kelone
[19.03.16 21:23:48] bosses Spawned RaidBoss Death Lord Ipos
[19.03.16 21:23:48] bosses Spawned RaidBoss Meanas Anor
[19.03.16 21:23:48] bosses Spawned RaidBoss Gordon
[19.03.16 21:23:48] bosses Spawned RaidBoss Flamestone Giant
[19.03.16 21:23:48] bosses Spawned RaidBoss Uruka
[19.03.16 21:23:48] bosses Spawned RaidBoss Core
[19.03.16 21:23:48] bosses Spawned RaidBoss Revenant of Sir Calibus
[19.03.16 21:23:48] bosses Spawned RaidBoss Elf Renoa
[19.03.16 21:23:48] bosses Spawned RaidBoss Langk Matriarch Rashkos
[19.03.16 21:23:48] bosses Spawned RaidBoss Guilotine
[19.03.16 21:23:48] bosses Spawned RaidBoss Soul Collector Acheron
[19.03.16 21:23:48] bosses Spawned RaidBoss Evil Spirit Tempest
[19.03.16 21:23:48] bosses Spawned RaidBoss Fafurion's Page Sika
[19.03.16 21:23:48] bosses Spawned RaidBoss Premo Prime
[19.03.16 21:23:48] bosses Spawned RaidBoss Stakato Queen Zyrnna
[19.03.16 21:23:48] bosses Spawned RaidBoss Remmel
[19.03.16 21:23:48] bosses Spawned RaidBoss Lizardmen Leader Hellion
[19.03.16 21:23:48] bosses Spawned RaidBoss Captain of Queen's Royal Guards
[19.03.16 21:23:48] bosses Spawned RaidBoss Archon Suscepter
[19.03.16 21:23:48] bosses Spawned RaidBoss Breka Warlock Pastu
[19.03.16 21:23:48] bosses Spawned RaidBoss Road Scavenger Leader
[19.03.16 21:23:48] bosses Spawned RaidBoss Sorcerer Isirr
[19.03.16 21:23:48] bosses Spawned RaidBoss Anakim's Nemesis Zakaron
[19.03.16 21:23:48] bosses Spawned RaidBoss Mirror of Oblivion
[19.03.16 21:23:48] bosses Spawned RaidBoss Deadman Ereve
[19.03.16 21:23:50] bosses Spawned RaidBoss Madness Beast
[19.03.16 21:23:51] bosses Spawned RaidBoss Queen Ant
[19.03.16 21:23:51] bosses Spawned RaidBoss Andreas Van Halter
[19.03.16 21:23:51] bosses BaylorManager : State of Baylor is NOTSPAWN.
[19.03.16 21:23:51] bosses BaylorManager : Next spawn date of Baylor is Thu Jan 01 03:00:00 MSK 1970.
[19.03.16 21:23:51] bosses BaylorManager : Init BaylorManager.
