[15.03.16 11:58:16] SUCCESS sdasdas[268488030] admin_admin
[15.03.16 11:58:17] SUCCESS sdasdas[268488030] admin_enchant
[15.03.16 11:58:24] SUCCESS sdasdas[268488030] admin_setle 15
[15.03.16 11:58:25] SUCCESS sdasdas[268488030] admin_setre 15
[15.03.16 11:58:25] SUCCESS sdasdas[268488030] admin_seten 15
[15.03.16 11:58:26] SUCCESS sdasdas[268488030] admin_setrf 15
[15.03.16 11:58:27] SUCCESS sdasdas[268488030] admin_setlf 15
[15.03.16 11:58:44] SUCCESS sdasdas[268488030] admin_seteh 15
[15.03.16 11:58:45] SUCCESS sdasdas[268488030] admin_setew 15
[15.03.16 11:58:46] SUCCESS sdasdas[268488030] admin_setec 15
[15.03.16 11:58:47] SUCCESS sdasdas[268488030] admin_setes 15
[15.03.16 11:58:47] SUCCESS sdasdas[268488030] admin_seteg 15
[15.03.16 11:58:48] SUCCESS sdasdas[268488030] admin_setel 15
[15.03.16 11:58:49] SUCCESS sdasdas[268488030] admin_seteb 15
[15.03.16 11:58:49] SUCCESS sdasdas[268488030] admin_setrbr 15
[15.03.16 11:58:50] SUCCESS sdasdas[268488030] admin_setlbr 15
[15.03.16 11:58:50] SUCCESS sdasdas[268488030] admin_setdha 15
[15.03.16 11:58:51] SUCCESS sdasdas[268488030] admin_setun 15
[15.03.16 11:58:51] SUCCESS sdasdas[268488030] admin_setba 15
[15.03.16 11:59:00] SUCCESS sdasdas[268488030] admin_admin
[15.03.16 11:59:02] SUCCESS sdasdas[268488030] admin_enchant
[15.03.16 11:59:04] SUCCESS sdasdas[268488030] admin_setba 15
[15.03.16 11:59:17] SUCCESS sdasdas[268488030] admin_admin
[15.03.16 11:59:20] SUCCESS sdasdas[268488030] admin_enchant
[15.03.16 11:59:23] SUCCESS sdasdas[268488030] admin_setba 0
[15.03.16 11:59:25] SUCCESS sdasdas[268488030] admin_setbelt 15
[15.03.16 12:01:47] SUCCESS sdasdas[268488030] -> sdasdas[268488030] admin_admin
[15.03.16 12:01:53] SUCCESS sdasdas[268488030] -> sdasdas[268488030] admin_char_manage
[15.03.16 12:01:57] SUCCESS sdasdas[268488030] -> sdasdas[268488030] admin_show_characters 0
[15.03.16 12:01:58] SUCCESS sdasdas[268488030] -> sdasdas[268488030] admin_character_list sdasdas
[15.03.16 12:02:01] SUCCESS sdasdas[268488030] -> sdasdas[268488030] admin_add_exp_sp_to_character
[15.03.16 12:02:08] SUCCESS sdasdas[268488030] -> sdasdas[268488030] admin_add_exp_sp 99999999999
[15.03.16 12:02:42] SUCCESS sdasdas[268488030] -> sdasdas[268488030] admin_admin
[15.03.16 12:02:43] SUCCESS sdasdas[268488030] -> sdasdas[268488030] admin_char_manage
[15.03.16 12:02:45] SUCCESS sdasdas[268488030] -> sdasdas[268488030] admin_char_manage
[15.03.16 12:02:46] SUCCESS sdasdas[268488030] -> sdasdas[268488030] admin_show_characters 0
[15.03.16 12:02:47] SUCCESS sdasdas[268488030] -> sdasdas[268488030] admin_character_list sdasdas
[15.03.16 12:02:48] SUCCESS sdasdas[268488030] -> sdasdas[268488030] admin_add_exp_sp_to_character
[15.03.16 12:02:54] SUCCESS sdasdas[268488030] -> sdasdas[268488030] admin_add_exp_sp 999999999999
[15.03.16 12:02:56] SUCCESS sdasdas[268488030] -> sdasdas[268488030] admin_admin
[15.03.16 12:02:59] SUCCESS sdasdas[268488030] -> sdasdas[268488030] admin_server admserver.htm
[15.03.16 12:02:59] SUCCESS sdasdas[268488030] -> sdasdas[268488030] admin_char_manage
[15.03.16 12:03:00] SUCCESS sdasdas[268488030] -> sdasdas[268488030] admin_show_characters 0
[15.03.16 12:03:02] SUCCESS sdasdas[268488030] -> sdasdas[268488030] admin_character_list sdasdas
[15.03.16 12:03:04] SUCCESS sdasdas[268488030] -> sdasdas[268488030] admin_add_exp_sp_to_character
[15.03.16 12:03:08] SUCCESS sdasdas[268488030] -> sdasdas[268488030] admin_add_exp_sp 99999999 9999999999
[15.03.16 12:03:10] SUCCESS sdasdas[268488030] -> sdasdas[268488030] admin_admin
[15.03.16 12:03:11] SUCCESS sdasdas[268488030] -> sdasdas[268488030] admin_char_manage
[15.03.16 12:03:13] SUCCESS sdasdas[268488030] -> sdasdas[268488030] admin_show_characters 0
[15.03.16 12:03:13] SUCCESS sdasdas[268488030] -> sdasdas[268488030] admin_character_list sdasdas
[15.03.16 12:03:16] SUCCESS sdasdas[268488030] -> sdasdas[268488030] admin_add_exp_sp_to_character
[15.03.16 12:03:20] SUCCESS sdasdas[268488030] -> sdasdas[268488030] admin_add_exp_sp 99999 9999999
[15.03.16 12:03:22] SUCCESS sdasdas[268488030] -> sdasdas[268488030] admin_admin
[15.03.16 12:03:23] SUCCESS sdasdas[268488030] -> sdasdas[268488030] admin_char_manage
[15.03.16 12:03:24] SUCCESS sdasdas[268488030] -> sdasdas[268488030] admin_show_characters 0
[15.03.16 12:03:25] SUCCESS sdasdas[268488030] -> sdasdas[268488030] admin_character_list sdasdas
[15.03.16 12:03:26] SUCCESS sdasdas[268488030] -> sdasdas[268488030] admin_add_exp_sp_to_character
[15.03.16 12:03:31] SUCCESS sdasdas[268488030] -> sdasdas[268488030] admin_add_exp_sp 99 999999999999
[15.03.16 12:03:33] SUCCESS sdasdas[268488030] -> sdasdas[268488030] admin_admin
[15.03.16 12:03:35] SUCCESS sdasdas[268488030] -> sdasdas[268488030] admin_char_manage
[15.03.16 12:03:35] SUCCESS sdasdas[268488030] -> sdasdas[268488030] admin_show_characters 0
[15.03.16 12:03:36] SUCCESS sdasdas[268488030] -> sdasdas[268488030] admin_character_list sdasdas
[15.03.16 12:03:38] SUCCESS sdasdas[268488030] -> sdasdas[268488030] admin_add_exp_sp_to_character
[15.03.16 12:03:45] SUCCESS sdasdas[268488030] -> sdasdas[268488030] admin_add_exp_sp 99999 999999
[15.03.16 12:03:46] SUCCESS sdasdas[268488030] -> sdasdas[268488030] admin_admin
[15.03.16 12:03:49] SUCCESS sdasdas[268488030] -> sdasdas[268488030] admin_char_manage
[15.03.16 12:03:50] SUCCESS sdasdas[268488030] -> sdasdas[268488030] admin_show_characters 0
[15.03.16 12:03:51] SUCCESS sdasdas[268488030] -> sdasdas[268488030] admin_character_list sdasdas
[15.03.16 12:03:52] SUCCESS sdasdas[268488030] -> sdasdas[268488030] admin_add_exp_sp_to_character
[15.03.16 12:03:56] SUCCESS sdasdas[268488030] -> sdasdas[268488030] admin_add_exp_sp 9 9999999
[15.03.16 12:03:59] SUCCESS sdasdas[268488030] -> sdasdas[268488030] admin_admin
[15.03.16 12:04:00] SUCCESS sdasdas[268488030] -> sdasdas[268488030] admin_char_manage
[15.03.16 12:04:00] SUCCESS sdasdas[268488030] -> sdasdas[268488030] admin_show_characters 0
[15.03.16 12:04:01] SUCCESS sdasdas[268488030] -> sdasdas[268488030] admin_character_list sdasdas
[15.03.16 12:04:03] SUCCESS sdasdas[268488030] -> sdasdas[268488030] admin_add_exp_sp_to_character
[15.03.16 12:04:07] SUCCESS sdasdas[268488030] -> sdasdas[268488030] admin_add_exp_sp 9 99999999
[15.03.16 12:04:09] SUCCESS sdasdas[268488030] -> sdasdas[268488030] admin_admin
[15.03.16 12:04:10] SUCCESS sdasdas[268488030] -> sdasdas[268488030] admin_char_manage
[15.03.16 12:04:10] SUCCESS sdasdas[268488030] -> sdasdas[268488030] admin_show_characters 0
[15.03.16 12:04:11] SUCCESS sdasdas[268488030] -> sdasdas[268488030] admin_character_list sdasdas
[15.03.16 12:04:13] SUCCESS sdasdas[268488030] -> sdasdas[268488030] admin_add_exp_sp_to_character
[15.03.16 12:04:18] SUCCESS sdasdas[268488030] -> sdasdas[268488030] admin_add_exp_sp 99 999999999
[15.03.16 12:09:29] SUCCESS sdasdas[268488030] -> 32321 Item Broker admin_admin
[15.03.16 12:09:30] SUCCESS sdasdas[268488030] -> 32321 Item Broker admin_enchant
[15.03.16 12:09:32] SUCCESS sdasdas[268488030] -> 32321 Item Broker admin_seteh 15
[15.03.16 12:09:32] SUCCESS sdasdas[268488030] -> 32321 Item Broker admin_setec 15
[15.03.16 12:09:33] SUCCESS sdasdas[268488030] -> 32321 Item Broker admin_setel 15
[15.03.16 12:09:33] SUCCESS sdasdas[268488030] -> 32321 Item Broker admin_seteg 15
[15.03.16 12:09:34] SUCCESS sdasdas[268488030] -> 32321 Item Broker admin_seteb 15
[15.03.16 12:09:34] SUCCESS sdasdas[268488030] -> 32321 Item Broker admin_setes 15
[15.03.16 12:09:35] SUCCESS sdasdas[268488030] -> 32321 Item Broker admin_setew 15
[15.03.16 12:09:40] SUCCESS sdasdas[268488030] -> sdasdas[268488030] admin_admin
[15.03.16 12:09:43] SUCCESS sdasdas[268488030] -> sdasdas[268488030] admin_enchant
[15.03.16 12:09:46] SUCCESS sdasdas[268488030] -> sdasdas[268488030] admin_seteh 15
[15.03.16 12:09:47] SUCCESS sdasdas[268488030] -> sdasdas[268488030] admin_setec 15
[15.03.16 12:09:48] SUCCESS sdasdas[268488030] -> sdasdas[268488030] admin_setel 15
[15.03.16 12:09:48] SUCCESS sdasdas[268488030] -> sdasdas[268488030] admin_seteg 15
[15.03.16 12:09:49] SUCCESS sdasdas[268488030] -> sdasdas[268488030] admin_seteb 15
[15.03.16 12:09:50] SUCCESS sdasdas[268488030] -> sdasdas[268488030] admin_setes 15
[15.03.16 14:04:34] SUCCESS sdasdas[268488030] admin_admin
[15.03.16 14:04:35] SUCCESS sdasdas[268488030] admin_char_manage
[15.03.16 14:04:35] SUCCESS sdasdas[268488030] admin_show_characters 0
[15.03.16 14:04:36] SUCCESS sdasdas[268488030] admin_admin
[15.03.16 14:04:36] SUCCESS sdasdas[268488030] admin_server admserver.htm
[15.03.16 14:04:37] SUCCESS sdasdas[268488030] admin_server_shutdown
[15.03.16 14:04:37] SUCCESS sdasdas[268488030] admin_server_restart 1
[15.03.16 14:09:10] SUCCESS sdasdas[268488030] -> 32632 Gracia Survivor admin_admin
[15.03.16 14:09:11] SUCCESS sdasdas[268488030] -> 32632 Gracia Survivor admin_server admserver.htm
[15.03.16 14:09:12] SUCCESS sdasdas[268488030] -> 32632 Gracia Survivor admin_server_shutdown
[15.03.16 14:09:13] SUCCESS sdasdas[268488030] -> 32632 Gracia Survivor admin_server_restart 1
[15.03.16 14:10:48] SUCCESS sdasdas[268488030] -> 32632 Gracia Survivor admin_admin
[15.03.16 14:10:49] SUCCESS sdasdas[268488030] -> 32632 Gracia Survivor admin_admin
[15.03.16 14:10:51] SUCCESS sdasdas[268488030] -> 32632 Gracia Survivor admin_admin
[15.03.16 14:10:54] SUCCESS sdasdas[268488030] -> 30080 Clarissa admin_admin
[15.03.16 14:11:01] SUCCESS sdasdas[268488030] admin_admin
[15.03.16 14:11:02] SUCCESS sdasdas[268488030] admin_admin
[15.03.16 14:11:03] SUCCESS sdasdas[268488030] admin_admin
[15.03.16 14:11:04] SUCCESS sdasdas[268488030] admin_admin
[15.03.16 14:11:21] SUCCESS sdasdas[268488030] -> 31081 Priest of Dawn admin_admin
[15.03.16 14:11:22] SUCCESS sdasdas[268488030] -> 31081 Priest of Dawn admin_admin
[15.03.16 14:11:22] SUCCESS sdasdas[268488030] -> 31081 Priest of Dawn admin_admin
[15.03.16 14:11:22] SUCCESS sdasdas[268488030] -> 31081 Priest of Dawn admin_admin
[15.03.16 14:11:38] SUCCESS sdasdas[268488030] -> 32632 Gracia Survivor admin_admin
[15.03.16 14:11:45] SUCCESS sdasdas[268488030] -> 32632 Gracia Survivor admin_server_restart 1
[15.03.16 14:13:25] SUCCESS sdasdas[268488030] -> 30080 Clarissa admin_admin
[15.03.16 14:13:25] SUCCESS sdasdas[268488030] -> 30080 Clarissa admin_admin
[15.03.16 14:29:53] SUCCESS sdasdas[268488030] -> 30080 Clarissa admin_admin
[15.03.16 14:29:54] SUCCESS sdasdas[268488030] -> 30080 Clarissa admin_server admserver.htm
[15.03.16 14:29:55] SUCCESS sdasdas[268488030] -> 30080 Clarissa admin_server_shutdown
[15.03.16 14:29:56] SUCCESS sdasdas[268488030] -> 30080 Clarissa admin_server_restart 1
[15.03.16 14:31:41] SUCCESS sdasdas[268488030] -> 30990 Lottery Ticket Seller admin_admin
[15.03.16 20:11:11] SUCCESS sdasdas[268488030] -> 31688 Grand Olympiad Manager admin_admin
[15.03.16 20:11:12] SUCCESS sdasdas[268488030] -> 31688 Grand Olympiad Manager admin_char_manage
[15.03.16 20:11:13] SUCCESS sdasdas[268488030] -> 31688 Grand Olympiad Manager admin_show_characters 0
[15.03.16 21:16:00] SUCCESS [GM]Tester[268547881] admin_admin
[15.03.16 21:16:02] SUCCESS [GM]Tester[268547881] admin_show_html olympiad.htm
[15.03.16 21:16:38] SUCCESS [GM]Tester[268547881] -> [GM]Tester[268547881] admin_invis
[15.03.16 21:16:48] SUCCESS [GM]Tester[268547881] -> [GM]Tester[268547881] admin_oly_save
[15.03.16 21:17:49] SUCCESS [GM]Tester[268547881] -> [GM]Tester[268547881] admin_invis
[15.03.16 21:17:56] SUCCESS [GM]Tester[268547881] -> [GM]Tester[268547881] admin_invis
[15.03.16 21:17:58] SUCCESS [GM]Tester[268547881] -> [GM]Tester[268547881] admin_invul
[15.03.16 21:39:20] SUCCESS [GM]Tester[268547881] -> [GM]Tester[268547881] admin_server_restart 5
[15.03.16 21:41:12] SUCCESS [GM]Tester[268547881] admin_admin
[15.03.16 21:41:15] SUCCESS [GM]Tester[268547881] admin_show_html olympiad.htm
[15.03.16 21:41:21] SUCCESS [GM]Tester[268547881] admin_oly_save
[15.03.16 21:43:52] SUCCESS [GM]Tester[268547881] admin_invis
[15.03.16 21:43:57] SUCCESS [GM]Tester[268547881] admin_invis
[15.03.16 21:44:06] SUCCESS [GM]Tester[268547881] admin_invul
[15.03.16 21:48:25] SUCCESS sdasdas[268488030] admin_admin
[15.03.16 21:48:26] SUCCESS sdasdas[268488030] admin_server admserver.htm
[15.03.16 21:48:26] SUCCESS sdasdas[268488030] admin_server_shutdown
[15.03.16 21:48:27] SUCCESS sdasdas[268488030] admin_server_restart 1
[15.03.16 21:56:08] SUCCESS sdasdas[268488030] admin_admin
[15.03.16 21:56:16] SUCCESS sdasdas[268488030] admin_gmshop
[15.03.16 21:56:17] SUCCESS sdasdas[268488030] admin_show_html gmstore/gear/weapons.htm
[15.03.16 21:56:32] SUCCESS sdasdas[268488030] admin_buy 10998
[15.03.16 21:57:09] SUCCESS sdasdas[268488030] admin_admin
[15.03.16 21:57:09] SUCCESS sdasdas[268488030] admin_gmshop
[15.03.16 21:57:13] SUCCESS sdasdas[268488030] admin_show_html gmstore/gear/weapons.htm
[15.03.16 21:57:16] SUCCESS sdasdas[268488030] admin_buy 11000
[15.03.16 21:57:22] SUCCESS sdasdas[268488030] admin_admin
[15.03.16 21:57:23] SUCCESS sdasdas[268488030] admin_gmshop
[15.03.16 21:57:24] SUCCESS sdasdas[268488030] admin_show_html gmstore/gear/weapons.htm
[15.03.16 21:57:26] SUCCESS sdasdas[268488030] admin_buy 10999
[15.03.16 21:59:47] SUCCESS sdasdas[268488030] -> 31690 Monument of Heroes  admin_remove_cooldown
[15.03.16 22:07:48] SUCCESS sdasdas[268488030] -> 31084 Priest of Dawn admin_admin
[15.03.16 22:07:49] SUCCESS sdasdas[268488030] -> 31084 Priest of Dawn admin_server admserver.htm
[15.03.16 22:07:49] SUCCESS sdasdas[268488030] -> 31084 Priest of Dawn admin_server_shutdown
[15.03.16 22:07:53] SUCCESS sdasdas[268488030] -> 31084 Priest of Dawn admin_server_restart 1
[15.03.16 22:12:40] SUCCESS certiftest[268488793] -> certiftest[268488793] admin_setlevel 85
[15.03.16 22:12:51] SUCCESS certiftest[268488793] -> certiftest[268488793] admin_setclass  89
[15.03.16 22:12:55] SUCCESS certiftest[268488793] -> certiftest[268488793] admin_heal
[15.03.16 22:18:49] SUCCESS certiftest[268488793] -> certiftest[268488793] admin_setlevel 85
[15.03.16 22:20:17] SUCCESS sdasdas[268488030] -> 30875 Carlton admin_remove_cooldown
[15.03.16 22:20:56] SUCCESS sdasdas[268488030] -> 30874 Aldis admin_remove_cooldown
[15.03.16 22:28:07] SUCCESS certiftest[268488793] -> certiftest[268488793] admin_setclass  3
[15.03.16 22:28:13] SUCCESS certiftest[268488793] -> certiftest[268488793] admin_setclass  5
[15.03.16 22:33:21] SUCCESS certiftest[268488793] -> certiftest[268488793] admin_setclass  7
[15.03.16 22:33:30] SUCCESS certiftest[268488793] -> certiftest[268488793] admin_setclass  7
[15.03.16 22:33:40] SUCCESS certiftest[268488793] -> certiftest[268488793] admin_setclass  9
[15.03.16 22:33:41] SUCCESS certiftest[268488793] -> certiftest[268488793] admin_setclass  9
[15.03.16 22:33:53] SUCCESS certiftest[268488793] -> certiftest[268488793] admin_setclass  5
[15.03.16 22:42:59] SUCCESS certiftest[268488793] -> certiftest[268488793] admin_admin
[15.03.16 22:43:01] SUCCESS certiftest[268488793] -> certiftest[268488793] admin_server admserver.htm
[15.03.16 22:43:02] SUCCESS certiftest[268488793] -> certiftest[268488793] admin_show_html reload.htm
[15.03.16 22:43:04] SUCCESS certiftest[268488793] -> certiftest[268488793] admin_reload_config
[15.03.16 22:43:19] SUCCESS certiftest[268488793] -> 32323 Avant-Garde admin_admin
[15.03.16 22:43:21] SUCCESS certiftest[268488793] -> 32323 Avant-Garde admin_server admserver.htm
[15.03.16 22:43:23] SUCCESS certiftest[268488793] -> 32323 Avant-Garde admin_show_html reload.htm
[15.03.16 22:43:36] SUCCESS certiftest[268488793] -> 32323 Avant-Garde admin_reload_multisell
[15.03.16 22:43:41] SUCCESS certiftest[268488793] -> 32323 Avant-Garde admin_reload_npc
[15.03.16 22:44:12] SUCCESS certiftest[268488793] -> certiftest[268488793] admin_admin
[15.03.16 22:44:13] SUCCESS certiftest[268488793] -> certiftest[268488793] admin_server admserver.htm
[15.03.16 22:44:36] SUCCESS certiftest[268488793] -> certiftest[268488793] admin_show_html scripts.htm
[15.03.16 22:48:46] SUCCESS certiftest[268488793] -> certiftest[268488793] admin_setlevel 80
[15.03.16 22:54:05] SUCCESS sdasdas[268488030] -> 31690 Monument of Heroes  admin_admin
[15.03.16 22:54:06] SUCCESS sdasdas[268488030] -> 31690 Monument of Heroes  admin_server admserver.htm
[15.03.16 22:54:06] SUCCESS sdasdas[268488030] -> 31690 Monument of Heroes  admin_show_html reload.htm
[15.03.16 22:54:07] SUCCESS sdasdas[268488030] -> 31690 Monument of Heroes  admin_admin
[15.03.16 22:54:07] SUCCESS sdasdas[268488030] -> 31690 Monument of Heroes  admin_server admserver.htm
[15.03.16 22:54:08] SUCCESS sdasdas[268488030] -> 31690 Monument of Heroes  admin_server_shutdown
[15.03.16 22:54:09] SUCCESS sdasdas[268488030] -> 31690 Monument of Heroes  admin_server_restart 1
[15.03.16 22:57:40] FAIL    test[268502209] admin_debug
[15.03.16 22:58:35] SUCCESS sdasdas[268488030] admin_admin
[15.03.16 22:58:47] SUCCESS sdasdas[268488030] admin_server admserver.htm
[15.03.16 22:58:47] SUCCESS sdasdas[268488030] admin_server_shutdown
[15.03.16 22:58:48] SUCCESS sdasdas[268488030] admin_server_restart 1
[15.03.16 23:08:22] SUCCESS sdasdas[268488030] admin_admin
[15.03.16 23:08:23] SUCCESS sdasdas[268488030] admin_char_manage
[15.03.16 23:08:24] SUCCESS sdasdas[268488030] admin_show_characters 0
[15.03.16 23:08:26] SUCCESS sdasdas[268488030] -> [GM]Tester[268547881] admin_character_list [GM]Tester
[15.03.16 23:08:29] SUCCESS sdasdas[268488030] -> [GM]Tester[268547881] admin_show_characters 0
[15.03.16 23:08:37] SUCCESS sdasdas[268488030] admin_teleportto [GM]Tester
[15.03.16 23:10:46] SUCCESS sdasdas[268488030] -> [GM]Tester[268547881] admin_server_restart 1
[16.03.16 01:24:29] SUCCESS sdasdas[268488030] -> [GM]Tester[268547881] admin_admin
[16.03.16 01:24:37] SUCCESS sdasdas[268488030] -> [GM]Tester[268547881] admin_admin
[16.03.16 01:35:06] SUCCESS sdasdas[268488030] -> [GM]Tester[268547881] admin_instant_move
[16.03.16 01:35:19] SUCCESS sdasdas[268488030] admin_instant_move
[16.03.16 02:27:43] SUCCESS [GM]Tester[268547881] admin_server_restart 0
[16.03.16 02:51:30] SUCCESS sdasdas[268488030] -> 30715 Marina admin_admin
[16.03.16 02:51:32] SUCCESS sdasdas[268488030] -> 30715 Marina admin_gmshop
[16.03.16 02:51:37] SUCCESS sdasdas[268488030] -> 30715 Marina admin_show_html gmstore/scrolls.htm
[16.03.16 02:51:39] SUCCESS sdasdas[268488030] -> 30715 Marina admin_buy 9931
[16.03.16 03:24:15] SUCCESS [GM]Tester[268547881] -> sdasdas[268488030] admin_kill
[16.03.16 03:24:20] SUCCESS [GM]Tester[268547881] -> [GM]Tester[268547881] admin_setkarma 0
[16.03.16 03:25:34] SUCCESS [GM]Tester[268547881] -> PetInstance[268490337] admin_kill
[16.03.16 03:25:38] SUCCESS [GM]Tester[268547881] -> PetInstance[268490337] admin_res
[16.03.16 03:25:45] SUCCESS sdasdas[268488030] -> PetInstance[268490337] admin_admin
[16.03.16 03:25:46] SUCCESS sdasdas[268488030] -> PetInstance[268490337] admin_kill
[16.03.16 03:25:47] SUCCESS sdasdas[268488030] -> [GM]Tester[268547881] admin_admin
[16.03.16 03:25:48] SUCCESS sdasdas[268488030] -> [GM]Tester[268547881] admin_kill
[16.03.16 03:25:52] SUCCESS sdasdas[268488030] -> sdasdas[268488030] admin_admin
[16.03.16 03:25:53] SUCCESS sdasdas[268488030] admin_kill
[16.03.16 03:25:54] SUCCESS sdasdas[268488030] admin_admin
[16.03.16 03:26:09] SUCCESS [GM]Tester[268547881] -> PetInstance[268490337] admin_res
[16.03.16 03:26:44] SUCCESS sdasdas[268488030] -> [GM]Tester[268547881] admin_admin
[16.03.16 03:26:48] SUCCESS [GM]Tester[268547881] -> sdasdas[268488030] admin_kick
[16.03.16 03:27:11] SUCCESS [GM]Tester[268547881] -> [GM]Tester[268547881] admin_kick
[16.03.16 03:27:34] SUCCESS [GM]Tester[268547881] -> [GM]Tester[268547881] admin_kick
[16.03.16 03:27:40] SUCCESS [GM]Tester[268547881] -> [GM]Tester[268547881] admin_ban
[16.03.16 03:27:42] SUCCESS [ADMIN][268485268] admin_admin
[16.03.16 03:27:43] SUCCESS [ADMIN][268485268] admin_show_html events/events.htm
[16.03.16 03:27:46] SUCCESS [ADMIN][268485268] admin_char_manage
[16.03.16 03:28:02] SUCCESS [GM]Tester[268547881] -> [GM]Tester[268547881] admin_admin
[16.03.16 03:28:06] SUCCESS [GM]Tester[268547881] -> [GM]Tester[268547881] admin_kick
[16.03.16 03:28:09] SUCCESS [ADMIN][268485268] -> [ADMIN][268485268] admin_kick_menu [GM]Tester
[16.03.16 03:28:42] SUCCESS [ADMIN][268485268] -> [ADMIN][268485268] admin_admin
[16.03.16 03:28:44] SUCCESS [ADMIN][268485268] -> [ADMIN][268485268] admin_char_manage
[16.03.16 03:28:54] SUCCESS [ADMIN][268485268] -> [ADMIN][268485268] admin_show_html events/events.htm
[16.03.16 03:28:55] SUCCESS [ADMIN][268485268] -> [ADMIN][268485268] admin_char_manage
[16.03.16 03:28:56] SUCCESS [ADMIN][268485268] -> [ADMIN][268485268] admin_show_characters 0
[16.03.16 03:28:57] SUCCESS [GM]Tester[268547881] admin_invis
[16.03.16 03:28:59] SUCCESS [ADMIN][268485268] -> [ADMIN][268485268] admin_admin
[16.03.16 03:29:00] SUCCESS [GM]Tester[268547881] -> [GM]Tester[268547881] admin_kick
[16.03.16 03:29:01] SUCCESS [ADMIN][268485268] -> [ADMIN][268485268] admin_char_manage
[16.03.16 03:29:05] SUCCESS [GM]Tester[268547881] -> [GM]Tester[268547881] admin_admin
[16.03.16 03:29:07] SUCCESS [ADMIN][268485268] -> [ADMIN][268485268] admin_kick_menu [GM]Tester
[16.03.16 03:29:41] SUCCESS [GM]Tester[268547881] admin_invis
[16.03.16 03:30:30] SUCCESS [GM]Tester[268547881] admin_summon 1029099 1
[16.03.16 03:30:53] SUCCESS [GM]Tester[268547881] admin_delete
[16.03.16 03:30:56] SUCCESS [GM]Tester[268547881] admin_summon 1029103 1
[16.03.16 03:31:00] SUCCESS [GM]Tester[268547881] admin_delete
[16.03.16 03:31:05] SUCCESS [GM]Tester[268547881] admin_summon 1029186 1
[16.03.16 03:32:11] SUCCESS [GM]Tester[268547881] -> 29186 Balor admin_kill
[16.03.16 03:32:14] SUCCESS [GM]Tester[268547881] admin_delete
[16.03.16 03:32:21] SUCCESS [GM]Tester[268547881] admin_teleportto [admin]
[16.03.16 03:33:02] SUCCESS [ADMIN][268485268] -> [ADMIN][268485268] admin_set_level 40
[16.03.16 03:33:06] SUCCESS [GM]Tester[268547881] -> 25763 Demon Kuri admin_spawn 21440
[16.03.16 03:33:14] SUCCESS [GM]Tester[268547881] -> 21440 Heathen Archer admin_kill
[16.03.16 03:33:34] SUCCESS [ADMIN][268485268] -> 25763 Demon Kuri admin_invul
[16.03.16 03:33:44] SUCCESS [GM]Tester[268547881] -> 25763 Demon Kuri admin_heal
[16.03.16 03:33:49] SUCCESS [GM]Tester[268547881] -> 25763 Demon Kuri admin_heal
[16.03.16 03:33:56] SUCCESS [GM]Tester[268547881] -> 25763 Demon Kuri admin_heal
[16.03.16 03:34:04] SUCCESS [GM]Tester[268547881] -> 25763 Demon Kuri admin_heal
[16.03.16 03:35:34] SUCCESS [GM]Tester[268547881] -> 25763 Demon Kuri admin_damage 1
[16.03.16 03:35:39] SUCCESS [GM]Tester[268547881] -> 25763 Demon Kuri admin_damage 1000
[16.03.16 03:35:46] SUCCESS [GM]Tester[268547881] -> 25763 Demon Kuri admin_damage 10000
[16.03.16 03:35:53] SUCCESS [GM]Tester[268547881] -> 25763 Demon Kuri admin_damage 50000
[16.03.16 03:36:01] SUCCESS [GM]Tester[268547881] -> 25763 Demon Kuri admin_damage 20000
[16.03.16 03:36:07] SUCCESS [GM]Tester[268547881] -> 25763 Demon Kuri admin_damage 20000
[16.03.16 03:36:24] SUCCESS [GM]Tester[268547881] -> 25766 Ancient Drake admin_damage 500000
[16.03.16 03:36:29] SUCCESS [GM]Tester[268547881] -> 25766 Ancient Drake admin_damage 500000
[16.03.16 03:36:32] SUCCESS [ADMIN][268485268] -> [GM]Tester[268547881] admin_admin
[16.03.16 03:36:33] SUCCESS [ADMIN][268485268] -> [GM]Tester[268547881] admin_kill
[16.03.16 03:36:40] SUCCESS [GM]Tester[268547881] admin_invul
[16.03.16 03:36:41] SUCCESS [ADMIN][268485268] -> 25766 Ancient Drake admin_admin
[16.03.16 03:36:42] SUCCESS [ADMIN][268485268] -> 25766 Ancient Drake admin_admin
[16.03.16 03:36:46] SUCCESS [ADMIN][268485268] -> [GM]Tester[268547881] admin_kill
[16.03.16 03:36:47] SUCCESS [ADMIN][268485268] -> [GM]Tester[268547881] admin_admin
[16.03.16 03:36:54] FAIL    [GM]Tester[268547881] -> [GM]Tester[268547881] admin_setlevel
[16.03.16 03:36:55] SUCCESS [ADMIN][268485268] -> [GM]Tester[268547881] admin_kill
[16.03.16 03:36:59] SUCCESS [GM]Tester[268547881] -> [GM]Tester[268547881] admin_setlevel 50
[16.03.16 03:37:17] SUCCESS [GM]Tester[268547881] -> 25760 Lord Ishka admin_damage 526217
[16.03.16 03:37:41] SUCCESS [GM]Tester[268547881] -> 25760 Lord Ishka admin_damage 5
[16.03.16 03:37:43] SUCCESS [ADMIN][268485268] -> [GM]Tester[268547881] admin_admin
[16.03.16 03:37:45] SUCCESS [ADMIN][268485268] -> [GM]Tester[268547881] admin_invis
[16.03.16 03:37:46] SUCCESS [ADMIN][268485268] -> [GM]Tester[268547881] admin_admin
[16.03.16 03:37:47] SUCCESS [ADMIN][268485268] -> [GM]Tester[268547881] admin_invis
[16.03.16 03:37:47] SUCCESS [GM]Tester[268547881] -> 25760 Lord Ishka admin_damage 6000
[16.03.16 03:37:47] SUCCESS [ADMIN][268485268] -> [GM]Tester[268547881] admin_admin
[16.03.16 03:37:49] SUCCESS [ADMIN][268485268] -> [GM]Tester[268547881] admin_setkarma
[16.03.16 03:37:50] SUCCESS [ADMIN][268485268] -> [GM]Tester[268547881] admin_admin
[16.03.16 03:37:52] SUCCESS [ADMIN][268485268] -> [GM]Tester[268547881] admin_delete
[16.03.16 03:37:54] SUCCESS [ADMIN][268485268] -> [GM]Tester[268547881] admin_admin
[16.03.16 03:37:56] SUCCESS [ADMIN][268485268] -> [GM]Tester[268547881] admin_delete
[16.03.16 03:37:57] SUCCESS [ADMIN][268485268] -> [GM]Tester[268547881] admin_admin
[16.03.16 03:38:03] SUCCESS [ADMIN][268485268] -> [GM]Tester[268547881] admin_delete
[16.03.16 03:38:04] SUCCESS [ADMIN][268485268] -> [GM]Tester[268547881] admin_admin
[16.03.16 03:38:04] SUCCESS [GM]Tester[268547881] -> [ADMIN][268485268] admin_delete
[16.03.16 03:38:25] SUCCESS [GM]Tester[268547881] -> [GM]Tester[268547881] admin_setlevel 85
[16.03.16 03:40:07] SUCCESS [ADMIN][268485268] -> 30123 Vesa admin_instant_move
[16.03.16 03:40:46] SUCCESS [ADMIN][268485268] -> 30123 Vesa admin_admin
[16.03.16 03:41:45] SUCCESS [GM]Tester[268547881] -> 25766 Ancient Drake admin_delete 4111
[16.03.16 03:41:53] SUCCESS [GM]Tester[268547881] -> 25766 Ancient Drake admin_damage 5121512
[16.03.16 03:42:03] SUCCESS [GM]Tester[268547881] admin_kill
[16.03.16 03:42:37] SUCCESS [ADMIN][268485268] -> [GM]Tester[268547881] admin_admin
[16.03.16 03:42:40] SUCCESS [ADMIN][268485268] -> [GM]Tester[268547881] admin_close
[16.03.16 03:42:41] SUCCESS [ADMIN][268485268] -> [GM]Tester[268547881] admin_admin
[16.03.16 03:42:42] SUCCESS [ADMIN][268485268] -> [GM]Tester[268547881] admin_char_manage
[16.03.16 03:43:22] SUCCESS [ADMIN][268485268] -> [GM]Tester[268547881] admin_admin
[16.03.16 03:43:24] SUCCESS [ADMIN][268485268] -> [GM]Tester[268547881] admin_char_manage
[16.03.16 03:43:24] SUCCESS [ADMIN][268485268] -> [GM]Tester[268547881] admin_show_characters 0
[16.03.16 03:43:26] SUCCESS [ADMIN][268485268] -> [GM]Tester[268547881] admin_admin
[16.03.16 03:43:27] SUCCESS [ADMIN][268485268] -> [GM]Tester[268547881] admin_char_manage
[16.03.16 03:44:39] SUCCESS [ADMIN][268485268] admin_recall [GM]Tester
[16.03.16 03:44:40] SUCCESS [ADMIN][268485268] admin_recall [GM]Tester
[16.03.16 03:44:40] SUCCESS [ADMIN][268485268] admin_recall [GM]Tester
[16.03.16 03:44:40] SUCCESS [ADMIN][268485268] -> 30123 Vesa admin_recall [GM]Tester
[16.03.16 03:44:41] SUCCESS [ADMIN][268485268] -> 30123 Vesa admin_recall [GM]Tester
[16.03.16 03:44:41] SUCCESS [ADMIN][268485268] -> 30123 Vesa admin_recall [GM]Tester
[16.03.16 03:44:41] SUCCESS [ADMIN][268485268] -> 30123 Vesa admin_recall [GM]Tester
[16.03.16 03:44:42] SUCCESS [ADMIN][268485268] -> 30123 Vesa admin_recall [GM]Tester
[16.03.16 03:44:42] SUCCESS [ADMIN][268485268] -> 30123 Vesa admin_recall [GM]Tester
[16.03.16 03:44:43] SUCCESS [ADMIN][268485268] -> 30123 Vesa admin_recall [GM]Tester
[16.03.16 03:44:43] SUCCESS [ADMIN][268485268] -> 30123 Vesa admin_recall [GM]Tester
[16.03.16 03:44:43] SUCCESS [ADMIN][268485268] -> 30123 Vesa admin_recall [GM]Tester
[16.03.16 03:44:43] SUCCESS [ADMIN][268485268] -> 30123 Vesa admin_recall [GM]Tester
[16.03.16 03:44:44] SUCCESS [ADMIN][268485268] -> 30123 Vesa admin_recall [GM]Tester
[16.03.16 03:44:44] SUCCESS [ADMIN][268485268] -> 30123 Vesa admin_recall [GM]Tester
[16.03.16 03:44:44] SUCCESS [ADMIN][268485268] -> 30123 Vesa admin_recall [GM]Tester
[16.03.16 03:44:44] SUCCESS [ADMIN][268485268] -> 30123 Vesa admin_recall [GM]Tester
[16.03.16 03:44:45] SUCCESS [ADMIN][268485268] -> 30123 Vesa admin_recall [GM]Tester
[16.03.16 03:44:45] SUCCESS [ADMIN][268485268] -> 30123 Vesa admin_recall [GM]Tester
[16.03.16 03:44:45] SUCCESS [ADMIN][268485268] -> 30123 Vesa admin_recall [GM]Tester
[16.03.16 03:44:45] SUCCESS [ADMIN][268485268] -> 30123 Vesa admin_recall [GM]Tester
[16.03.16 03:44:45] SUCCESS [ADMIN][268485268] -> 30123 Vesa admin_recall [GM]Tester
[16.03.16 03:44:46] SUCCESS [ADMIN][268485268] -> 30123 Vesa admin_recall [GM]Tester
[16.03.16 03:44:46] SUCCESS [ADMIN][268485268] -> 30123 Vesa admin_recall [GM]Tester
[16.03.16 03:44:46] SUCCESS [ADMIN][268485268] -> 30123 Vesa admin_recall [GM]Tester
[16.03.16 03:44:46] SUCCESS [ADMIN][268485268] -> 30123 Vesa admin_recall [GM]Tester
[16.03.16 03:44:47] SUCCESS [ADMIN][268485268] -> 30123 Vesa admin_recall [GM]Tester
[16.03.16 03:44:47] SUCCESS [ADMIN][268485268] -> 30123 Vesa admin_recall [GM]Tester
[16.03.16 03:44:47] SUCCESS [ADMIN][268485268] -> 30123 Vesa admin_recall [GM]Tester
[16.03.16 03:44:47] SUCCESS [ADMIN][268485268] -> 30123 Vesa admin_recall [GM]Tester
[16.03.16 03:44:48] SUCCESS [ADMIN][268485268] -> 30123 Vesa admin_recall [GM]Tester
[16.03.16 03:44:48] SUCCESS [ADMIN][268485268] -> 30123 Vesa admin_recall [GM]Tester
[16.03.16 03:44:48] SUCCESS [ADMIN][268485268] -> 30123 Vesa admin_recall [GM]Tester
[16.03.16 03:44:48] SUCCESS [ADMIN][268485268] -> 30123 Vesa admin_recall [GM]Tester
[16.03.16 03:44:49] SUCCESS [ADMIN][268485268] -> 30123 Vesa admin_recall [GM]Tester
[16.03.16 03:44:49] SUCCESS [ADMIN][268485268] -> 30123 Vesa admin_recall [GM]Tester
[16.03.16 03:44:49] SUCCESS [ADMIN][268485268] -> 30123 Vesa admin_recall [GM]Tester
[16.03.16 03:44:50] SUCCESS [ADMIN][268485268] -> 30123 Vesa admin_recall [GM]Tester
[16.03.16 03:44:50] SUCCESS [ADMIN][268485268] -> 30123 Vesa admin_recall [GM]Tester
[16.03.16 03:44:50] SUCCESS [ADMIN][268485268] -> 30123 Vesa admin_recall [GM]Tester
[16.03.16 03:44:51] SUCCESS [ADMIN][268485268] -> 30123 Vesa admin_recall [GM]Tester
[16.03.16 03:44:51] SUCCESS [ADMIN][268485268] -> 30123 Vesa admin_recall [GM]Tester
[16.03.16 03:44:51] SUCCESS [ADMIN][268485268] -> 30123 Vesa admin_recall [GM]Tester
[16.03.16 03:44:52] SUCCESS [ADMIN][268485268] -> 30123 Vesa admin_recall [GM]Tester
[16.03.16 03:44:52] SUCCESS [ADMIN][268485268] -> 30123 Vesa admin_recall [GM]Tester
[16.03.16 03:44:52] SUCCESS [ADMIN][268485268] -> 30123 Vesa admin_recall [GM]Tester
[16.03.16 03:44:53] SUCCESS [ADMIN][268485268] -> 30123 Vesa admin_recall [GM]Tester
[16.03.16 03:44:53] SUCCESS [ADMIN][268485268] -> 30123 Vesa admin_recall [GM]Tester
[16.03.16 03:44:53] SUCCESS [ADMIN][268485268] -> 30123 Vesa admin_recall [GM]Tester
[16.03.16 03:44:53] SUCCESS [ADMIN][268485268] -> 30123 Vesa admin_recall [GM]Tester
[16.03.16 03:44:54] SUCCESS [ADMIN][268485268] -> 30123 Vesa admin_recall [GM]Tester
[16.03.16 03:44:54] SUCCESS [ADMIN][268485268] -> 30123 Vesa admin_recall [GM]Tester
[16.03.16 03:44:54] SUCCESS [ADMIN][268485268] -> 30123 Vesa admin_recall [GM]Tester
[16.03.16 03:45:42] SUCCESS [GM]Tester[268547881] -> [ADMIN][268485268] admin_instant_move
[16.03.16 03:46:04] SUCCESS [GM]Tester[268547881] admin_teleportto [ADMIN]
[16.03.16 03:46:10] SUCCESS [GM]Tester[268547881] -> [ADMIN][268485268] admin_debug [ADMIN]
[16.03.16 03:47:01] SUCCESS [GM]Tester[268547881] -> [GM]Tester[268547881] admin_debug [GM]Tester
[16.03.16 03:48:48] SUCCESS [ADMIN][268485268] -> [GM]Tester[268547881] admin_invul [GM]Tester
[16.03.16 03:49:00] SUCCESS [ADMIN][268485268] -> [GM]Tester[268547881] admin_invul
[16.03.16 03:49:31] SUCCESS [ADMIN][268485268] admin_admin
[16.03.16 03:49:34] SUCCESS [ADMIN][268485268] admin_setkarma 0
[16.03.16 03:49:37] SUCCESS [ADMIN][268485268] -> [ADMIN][268485268] admin_admin
[16.03.16 03:49:42] SUCCESS [ADMIN][268485268] -> [ADMIN][268485268] admin_setkarma 0
[16.03.16 03:49:47] SUCCESS [ADMIN][268485268] -> [ADMIN][268485268] admin_admin
[16.03.16 03:49:48] SUCCESS [ADMIN][268485268] -> [ADMIN][268485268] admin_char_manage
[16.03.16 03:49:49] SUCCESS [ADMIN][268485268] -> [ADMIN][268485268] admin_show_html events/events.htm
[16.03.16 03:50:00] SUCCESS [ADMIN][268485268] -> [ADMIN][268485268] admin_admin
[16.03.16 03:50:02] SUCCESS [ADMIN][268485268] -> [ADMIN][268485268] admin_server admserver.htm
[16.03.16 03:50:03] SUCCESS [ADMIN][268485268] -> [ADMIN][268485268] admin_show_html reload.htm
[16.03.16 03:50:04] SUCCESS [ADMIN][268485268] -> [ADMIN][268485268] admin_admin
[16.03.16 03:50:05] SUCCESS [ADMIN][268485268] -> [ADMIN][268485268] admin_server admserver.htm
[16.03.16 03:50:06] SUCCESS [ADMIN][268485268] -> [ADMIN][268485268] admin_show_html scripts.htm
[16.03.16 03:50:17] SUCCESS [ADMIN][268485268] -> [ADMIN][268485268] admin_admin
[16.03.16 03:50:18] SUCCESS [ADMIN][268485268] -> [ADMIN][268485268] admin_server admserver.htm
[16.03.16 03:50:19] SUCCESS [ADMIN][268485268] -> [ADMIN][268485268] admin_show_html scripts.htm
[16.03.16 03:50:29] SUCCESS [ADMIN][268485268] -> [ADMIN][268485268] admin_admin
[16.03.16 03:50:30] SUCCESS [ADMIN][268485268] -> [ADMIN][268485268] admin_server admserver.htm
[16.03.16 03:50:53] SUCCESS [ADMIN][268485268] -> [ADMIN][268485268] admin_admin
[16.03.16 03:50:55] SUCCESS [ADMIN][268485268] -> [ADMIN][268485268] admin_server admserver.htm
[16.03.16 03:50:56] SUCCESS [ADMIN][268485268] -> [ADMIN][268485268] admin_admin
[16.03.16 03:50:57] SUCCESS [ADMIN][268485268] -> [ADMIN][268485268] admin_server admserver.htm
[16.03.16 03:50:58] SUCCESS [ADMIN][268485268] -> [ADMIN][268485268] admin_show_html scripts.htm
[16.03.16 03:51:35] SUCCESS [ADMIN][268485268] -> [ADMIN][268485268] admin_server admserver.htm
[16.03.16 03:52:25] SUCCESS [ADMIN][268485268] -> [GM]Tester[268547881] admin_admin
[16.03.16 03:52:29] SUCCESS [ADMIN][268485268] -> [GM]Tester[268547881] admin_server admserver.htm
[16.03.16 03:52:30] SUCCESS [ADMIN][268485268] -> [GM]Tester[268547881] admin_char_manage
[16.03.16 03:52:46] SUCCESS [ADMIN][268485268] -> [GM]Tester[268547881] admin_show_characters 0
[16.03.16 03:52:47] SUCCESS [ADMIN][268485268] -> [GM]Tester[268547881] admin_character_list [GM]Tester
[16.03.16 03:52:50] SUCCESS [ADMIN][268485268] -> [GM]Tester[268547881] admin_show_effects
[16.03.16 03:52:51] SUCCESS [ADMIN][268485268] -> [GM]Tester[268547881] admin_show_effects
[16.03.16 03:52:52] SUCCESS [ADMIN][268485268] -> [GM]Tester[268547881] admin_show_effects
[16.03.16 03:52:53] SUCCESS [ADMIN][268485268] -> [GM]Tester[268547881] admin_current_player
[16.03.16 03:52:54] SUCCESS [ADMIN][268485268] -> [GM]Tester[268547881] admin_character_actions
[16.03.16 03:53:04] SUCCESS [ADMIN][268485268] admin_teleportto [GM]Tester
[16.03.16 03:53:06] SUCCESS [ADMIN][268485268] admin_admin
[16.03.16 03:53:10] SUCCESS [ADMIN][268485268] -> [GM]Tester[268547881] admin_char_manage
[16.03.16 03:53:10] SUCCESS [ADMIN][268485268] -> [GM]Tester[268547881] admin_show_characters 0
[16.03.16 03:53:11] SUCCESS [ADMIN][268485268] -> [GM]Tester[268547881] admin_character_list [GM]Tester
[16.03.16 03:53:13] SUCCESS [ADMIN][268485268] admin_show_skills
[16.03.16 03:53:16] SUCCESS [ADMIN][268485268] admin_admin
[16.03.16 03:53:17] SUCCESS [ADMIN][268485268] admin_server admserver.htm
[16.03.16 03:53:17] SUCCESS [ADMIN][268485268] admin_admin
[16.03.16 03:53:18] SUCCESS [ADMIN][268485268] admin_char_manage
[16.03.16 03:53:18] SUCCESS [ADMIN][268485268] admin_show_characters 0
[16.03.16 03:53:21] SUCCESS [ADMIN][268485268] -> [ADMIN][268485268] admin_character_list [ADMIN]
[16.03.16 03:53:22] SUCCESS [ADMIN][268485268] -> [ADMIN][268485268] admin_admin
[16.03.16 03:57:24] SUCCESS [ADMIN][268485268] admin_admin
[16.03.16 03:57:26] SUCCESS [ADMIN][268485268] admin_char_manage
[16.03.16 03:57:26] SUCCESS [ADMIN][268485268] admin_admin
[16.03.16 03:57:27] SUCCESS [ADMIN][268485268] admin_char_manage
[16.03.16 03:57:35] SUCCESS [ADMIN][268485268] admin_admin
[16.03.16 03:57:37] SUCCESS [ADMIN][268485268] admin_kill
[16.03.16 03:57:38] SUCCESS [ADMIN][268485268] admin_admin
[16.03.16 03:57:39] SUCCESS [ADMIN][268485268] -> [ADMIN][268485268] admin_kick
[16.03.16 18:48:41] SUCCESS [ADMIN][268485268] admin_admin
[16.03.16 18:48:43] SUCCESS [ADMIN][268485268] admin_kill
[16.03.16 18:48:43] SUCCESS [ADMIN][268485268] admin_admin
[16.03.16 18:48:46] SUCCESS [ADMIN][268485268] -> [ADMIN][268485268] admin_admin
[16.03.16 23:08:59] SUCCESS [ADMIN][268485268] admin_admin
[16.03.16 23:09:01] SUCCESS [ADMIN][268485268] admin_gmshop
[16.03.16 23:09:05] SUCCESS [ADMIN][268485268] admin_show_html gmstore/consumables.htm
[16.03.16 23:09:09] SUCCESS [ADMIN][268485268] admin_admin
[16.03.16 23:09:10] SUCCESS [ADMIN][268485268] admin_gmshop
[16.03.16 23:09:21] SUCCESS [ADMIN][268485268] admin_admin
[16.03.16 23:09:24] SUCCESS [ADMIN][268485268] admin_gmshop
[16.03.16 23:09:28] SUCCESS [ADMIN][268485268] admin_show_html gmstore/pets.htm
[16.03.16 23:09:29] SUCCESS [ADMIN][268485268] admin_buy 9932
[16.03.16 23:10:36] SUCCESS [ADMIN][268485268] admin_admin
[16.03.16 23:10:42] SUCCESS [ADMIN][268485268] admin_gmshop
[16.03.16 23:10:43] SUCCESS [ADMIN][268485268] admin_show_html gmstore/pets.htm
[16.03.16 23:10:44] SUCCESS [ADMIN][268485268] admin_buy 9932
[16.03.16 23:17:06] SUCCESS [ADMIN][268485268] admin_invul
[16.03.16 23:18:46] SUCCESS [ADMIN][268485268] -> 35456 Stewart admin_admin
[16.03.16 23:18:47] SUCCESS [ADMIN][268485268] -> 35456 Stewart admin_gmshop
[16.03.16 23:19:27] SUCCESS [ADMIN][268485268] -> 35456 Stewart admin_admin
[16.03.16 23:19:28] SUCCESS [ADMIN][268485268] -> 35456 Stewart admin_gmshop
[16.03.16 23:19:38] SUCCESS [ADMIN][268485268] -> 35456 Stewart admin_show_html gmstore/hair.htm
[16.03.16 23:19:40] SUCCESS [ADMIN][268485268] -> 35456 Stewart admin_gmshop
[16.03.16 23:19:42] SUCCESS [ADMIN][268485268] -> 35456 Stewart admin_show_html gmstore/hair.htm
[16.03.16 23:19:43] SUCCESS [ADMIN][268485268] -> 35456 Stewart admin_buy 9944
[16.03.16 23:19:44] SUCCESS [ADMIN][268485268] -> 35456 Stewart admin_admin
[16.03.16 23:19:45] SUCCESS [ADMIN][268485268] -> 35456 Stewart admin_gmshop
[16.03.16 23:20:16] SUCCESS [ADMIN][268485268] -> 35456 Stewart admin_show_html gmstore/hair.htm
[16.03.16 23:20:16] SUCCESS [ADMIN][268485268] -> 35456 Stewart admin_buy 9919
[16.03.16 23:20:18] SUCCESS [ADMIN][268485268] -> 35456 Stewart admin_admin
[16.03.16 23:20:19] SUCCESS [ADMIN][268485268] -> 35456 Stewart admin_gmshop
[16.03.16 23:20:20] SUCCESS [ADMIN][268485268] -> 35456 Stewart admin_show_html gmstore/hair.htm
[16.03.16 23:20:21] SUCCESS [ADMIN][268485268] -> 35456 Stewart admin_buy 9920
[16.03.16 23:21:56] SUCCESS [ADMIN][268485268] -> 35456 Stewart admin_admin
[16.03.16 23:21:57] SUCCESS [ADMIN][268485268] -> 35456 Stewart admin_gmshop
[16.03.16 23:21:58] SUCCESS [ADMIN][268485268] -> 35456 Stewart admin_show_html gmstore/hair.htm
[16.03.16 23:21:59] SUCCESS [ADMIN][268485268] -> 35456 Stewart admin_buy 9920
