[21:23:16]  INFO =================================================
[21:23:16]  INFO Revision: ................ -1
[21:23:16]  INFO Build date: .............. -1
[21:23:16]  INFO =================================================
[21:23:16]  INFO ChatFilters: loaded 3 filter(s).
[21:23:16]  INFO Not found desclarate ACCESS name: BanChatDelay in XML Player access Object
[21:23:16]  INFO Not found desclarate ACCESS name: BanChatMaxValue in XML Player access Object
[21:23:16]  INFO Not found desclarate ACCESS name: BanChatCountPerDay in XML Player access Object
[21:23:16]  INFO Not found desclarate ACCESS name: BanChatBonusId in XML Player access Object
[21:23:16]  INFO Not found desclarate ACCESS name: BanChatBonusCount in XML Player access Object
[21:23:16]  INFO Not found desclarate ACCESS name: CanChatPenalty in XML Player access Object
[21:23:16]  INFO Not found desclarate ACCESS name: CanViewNPC in XML Player access Object
[21:23:16]  INFO Not found desclarate ACCESS name: PeaceAttack in XML Player access Object
[21:23:16]  INFO Not found desclarate ACCESS name: Unblock in XML Player access Object
[21:23:16]  INFO Not found desclarate ACCESS name: BlockInventory in XML Player access Object
[21:23:16]  INFO Not found desclarate ACCESS name: CanGmEdit in XML Player access Object
[21:23:16]  INFO Not found desclarate ACCESS name: UseInventory in XML Player access Object
[21:23:16]  INFO Not found desclarate ACCESS name: UseTrade in XML Player access Object
[21:23:16]  INFO Not found desclarate ACCESS name: CanAttack in XML Player access Object
[21:23:16]  INFO Not found desclarate ACCESS name: CanEvaluate in XML Player access Object
[21:23:16]  INFO Not found desclarate ACCESS name: CanJoinParty in XML Player access Object
[21:23:16]  INFO Not found desclarate ACCESS name: CanJoinClan in XML Player access Object
[21:23:16]  INFO Not found desclarate ACCESS name: UseWarehouse in XML Player access Object
[21:23:16]  INFO Not found desclarate ACCESS name: UseShop in XML Player access Object
[21:23:16]  INFO Not found desclarate ACCESS name: BanChatDelay in XML Player access Object
[21:23:16]  INFO Not found desclarate ACCESS name: BanChatMaxValue in XML Player access Object
[21:23:16]  INFO Not found desclarate ACCESS name: BanChatCountPerDay in XML Player access Object
[21:23:16]  INFO Not found desclarate ACCESS name: BanChatBonusId in XML Player access Object
[21:23:16]  INFO Not found desclarate ACCESS name: BanChatBonusCount in XML Player access Object
[21:23:16]  INFO Not found desclarate ACCESS name: CanViewNPC in XML Player access Object
[21:23:16]  INFO Not found desclarate ACCESS name: PeaceAttack in XML Player access Object
[21:23:16]  INFO Not found desclarate ACCESS name: UseTrade in XML Player access Object
[21:23:16]  INFO Not found desclarate ACCESS name: CanAttack in XML Player access Object
[21:23:16]  INFO Not found desclarate ACCESS name: CanJoinClan in XML Player access Object
[21:23:16]  INFO Not found desclarate ACCESS name: BlockInventory in XML Player access Object
[21:23:16]  INFO Not found desclarate ACCESS name: PeaceAttack in XML Player access Object
[21:23:16]  INFO Not found desclarate ACCESS name: UseTrade in XML Player access Object
[21:23:16]  INFO Not found desclarate ACCESS name: CanAttack in XML Player access Object
[21:23:16]  INFO Not found desclarate ACCESS name: CanJoinClan in XML Player access Object
[21:23:16]  INFO Not found desclarate ACCESS name: BlockInventory in XML Player access Object
[21:23:16]  INFO Not found desclarate ACCESS name: UseTrade in XML Player access Object
[21:23:16]  INFO Not found desclarate ACCESS name: CanAttack in XML Player access Object
[21:23:16]  INFO Not found desclarate ACCESS name: CanJoinClan in XML Player access Object
[21:23:16]  INFO Not found desclarate ACCESS name: BlockInventory in XML Player access Object
[21:23:16]  INFO Not found desclarate ACCESS name: CanViewNPC in XML Player access Object
[21:23:16]  INFO Not found desclarate ACCESS name: PeaceAttack in XML Player access Object
[21:23:16]  INFO Not found desclarate ACCESS name: Unblock in XML Player access Object
[21:23:16]  INFO Not found desclarate ACCESS name: BlockInventory in XML Player access Object
[21:23:16]  INFO Not found desclarate ACCESS name: CanGmEdit in XML Player access Object
[21:23:16]  INFO Not found desclarate ACCESS name: UseInventory in XML Player access Object
[21:23:16]  INFO Not found desclarate ACCESS name: UseTrade in XML Player access Object
[21:23:16]  INFO Not found desclarate ACCESS name: CanAttack in XML Player access Object
[21:23:16]  INFO Not found desclarate ACCESS name: CanEvaluate in XML Player access Object
[21:23:16]  INFO Not found desclarate ACCESS name: CanJoinParty in XML Player access Object
[21:23:16]  INFO Not found desclarate ACCESS name: CanJoinClan in XML Player access Object
[21:23:16]  INFO Not found desclarate ACCESS name: UseWarehouse in XML Player access Object
[21:23:16]  INFO Not found desclarate ACCESS name: UseShop in XML Player access Object
[21:23:16]  INFO IdFactory: Clear characters online status.
[21:23:16]  INFO IdFactory: Extracted 123 used id's from characters
[21:23:16]  INFO IdFactory: Extracted 2600 used id's from items
[21:23:16]  INFO IdFactory: Extracted 6 used id's from clan_data
[21:23:16]  INFO IdFactory: Extracted total 2729 used id's.
[21:23:16]  INFO IdFactory: 205824 id's available.
[21:23:17]  INFO Scripts: Loading...
[21:23:23]  INFO Scripts: Loaded 1121 classes.
[21:23:23]  INFO GeoEngine: Loading Geodata...
[21:23:28]  INFO GeoEngine: Loaded 203 map(s), max layers: 21
[21:23:28]  INFO Loaded 418 translit entries.
[21:23:28]  INFO GameTimeController: initialized. Current time is 14:20 in the day.
[21:23:28]  INFO L2World: Creating regions: [256][272][16].
[21:23:28]  INFO HtmCache: lazy cache mode.
[21:23:28]  INFO StringHolder: load strings: 375 for lang: ENGLISH
[21:23:28]  INFO StringHolder: load strings: 375 for lang: RUSSIAN
[21:23:31]  INFO ItemNameLineHolder: load itemname line(s): 19194 for lang: ENGLISH
[21:23:31]  INFO ItemNameLineHolder: load itemname line(s): 19194 for lang: RUSSIAN
[21:23:31]  INFO NpcNameLineHolder: load npcname line(s): 10461 for lang: ENGLISH
[21:23:31]  INFO NpcNameLineHolder: load npcname line(s): 10461 for lang: RUSSIAN
[21:23:31]  INFO NpcNameLineHolder: load 1794 blacklist names
[21:23:32]  INFO NpcStringLineHolder: load npcstring line(s): 5914 for lang: ENGLISH
[21:23:32]  INFO NpcStringLineHolder: load npcstring line(s): 5914 for lang: RUSSIAN
[21:23:35]  INFO SkillsEngine: Loaded 65954 skill templates from XML files. Max id: 90002, max level: 259
[21:23:36]  INFO OptionDataHolder: loaded 24985 option data(s) count.
[21:23:37]  INFO ItemHolder: loaded 19121 item(s) count.
[21:23:40]  INFO NpcHolder: loaded 10460 npc(s) count.
[21:23:40]  INFO MoveRouteHolder: loaded 53 move route(s) count.
[21:23:41]  INFO MapRegionManager: loaded 272 map region manager(s) count.
[21:23:41]  INFO MapRegionManager: loaded 272 map region manager(s) count.
[21:23:41]  INFO StaticObjectHolder: loaded 50 static object(s) count.
[21:23:41]  INFO DoorHolder: loaded 1155 door(s) count.
[21:23:41]  INFO ZoneHolder: loaded 1227 zone(s) count.
[21:23:41]  INFO SpawnHolder: loaded 28988 spawn(s) count.
[21:23:42]  INFO InstantZoneHolder: loaded 140 instant zone(s) count.
[21:23:43]  INFO AirshipDockHolder: loaded 4 airship dock(s) count.
[21:23:43]  INFO SkillAcquireHolder: load 56995 normal learns for 103 classes.
[21:23:43]  INFO SkillAcquireHolder: load 76 transfer learns for 3 classes.
[21:23:43]  INFO SkillAcquireHolder: load 120 transformation learns for 6 races.
[21:23:43]  INFO SkillAcquireHolder: load 117 fishing learns.
[21:23:43]  INFO SkillAcquireHolder: load 109 fishing non dwarf learns.
[21:23:43]  INFO SkillAcquireHolder: load 76 certification learns.
[21:23:43]  INFO SkillAcquireHolder: load 3 collection learns.
[21:23:43]  INFO SkillAcquireHolder: load 44 pledge learns.
[21:23:43]  INFO SkillAcquireHolder: load 18 sub unit learns.
[21:23:43]  INFO ResidenceHolder: total size: 83
[21:23:43]  INFO ResidenceHolder:  - load 44 clanhall(s).
[21:23:43]  INFO ResidenceHolder:  - load 9 castle(s).
[21:23:43]  INFO ResidenceHolder:  - load 21 fortress(s).
[21:23:43]  INFO ResidenceHolder:  - load 9 dominion(s).
[21:23:43]  INFO RaidBossSpawnManager: Loaded 18 Statuses
[21:23:43]  INFO SevenSigns: Currently in the Seal Validation period!
[21:23:43]  INFO SevenSigns: The Seal of Gnosis remains unclaimed.
[21:23:43]  INFO SevenSigns: The Seal of Avarice remains unclaimed.
[21:23:43]  INFO SevenSigns: The Seal of Strife remains unclaimed.
[21:23:43]  INFO SevenSigns: The Competition last week ended with a tie.
[21:23:43]  INFO SevenSigns: Next period begins in 1 days, 20 hours and 36 mins.
[21:23:43]  INFO EventHolder: loaded 114 event(s) count.
[21:23:43]  INFO CubicHolder: loaded 145 cubic(s) count.
[21:23:43]  INFO TradeController: Loaded 4 file(s).
[21:23:43]  INFO TradeController: Loaded 24928 Items.
[21:23:43]  INFO TradeController: Loaded 726 Buylists.
[21:23:44]  INFO RecipeController: Loaded 998 Recipes.
[21:23:44]  WARN MultiSell [10003] Production 'Shield of Nightmare' [2498] price is lower than referenced | 1422000 > 10000
[21:23:44]  WARN MultiSell [10003] Production 'Dark Crystal Shield' [641] price is lower than referenced | 935000 > 10000
[21:23:44]  WARN MultiSell [10013] Production 'Elven Long Sword' [2499] price is lower than referenced | 1387000 > 1000000
[21:23:44]  WARN MultiSell [10013] Production 'Claymore' [70] price is lower than referenced | 1387000 > 1000000
[21:23:44]  WARN MultiSell [10013] Production 'Morning Star' [88] price is lower than referenced | 1074000 > 1000000
[21:23:44]  WARN MultiSell [10013] Production 'Staff of Life' [189] price is lower than referenced | 1387000 > 1000000
[21:23:44]  WARN MultiSell [10013] Production 'Atuba Mace' [190] price is lower than referenced | 1387000 > 1000000
[21:23:44]  WARN MultiSell [10013] Production 'Mithril Dagger' [225] price is lower than referenced | 1387000 > 1000000
[21:23:44]  WARN MultiSell [10013] Production 'Light Crossbow' [280] price is lower than referenced | 1387000 > 1000000
[21:23:44]  WARN MultiSell [10013] Production 'Glaive' [297] price is lower than referenced | 1387000 > 1000000
[21:23:44]  WARN MultiSell [10013] Production 'Scallop Jamadhr' [262] price is lower than referenced | 1387000 > 1000000
[21:23:44]  WARN MultiSell [10013] Production 'Grand Epee' [9225] price is lower than referenced | 1387000 > 1000000
[21:23:44]  WARN MultiSell [10013] Production 'General's Katzbalger' [9226] price is lower than referenced | 1387000 > 1000000
[21:23:44]  WARN MultiSell [10013] Production 'Cranequin' [9227] price is lower than referenced | 1387000 > 1000000
[21:23:44]  WARN MultiSell [10013] Production 'Artisan's Sword*Crimson Sword' [2542] price is lower than referenced | 1275700 > 1000000
[21:23:44]  WARN MultiSell [10002] Production 'Dynasty Breast Plate' [9416] price is lower than referenced | 24398000 > 20000000
[21:23:44]  WARN MultiSell [10002] Production 'Dynasty Platinum Plate' [10228] price is lower than referenced | 33673000 > 20000000
[21:23:44]  WARN MultiSell [10002] Production 'Dynasty Platinum Plate' [10229] price is lower than referenced | 33673000 > 20000000
[21:23:44]  WARN MultiSell [10002] Production 'Dynasty Platinum Plate' [10230] price is lower than referenced | 33673000 > 20000000
[21:23:44]  WARN MultiSell [10002] Production 'Dynasty Platinum Plate' [10231] price is lower than referenced | 33673000 > 20000000
[21:23:44]  WARN MultiSell [10002] Production 'Dynasty Jewel Leather Mail' [10233] price is lower than referenced | 25255000 > 20000000
[21:23:44]  WARN MultiSell [10002] Production 'Dynasty Jewel Leather Mail' [10234] price is lower than referenced | 25255000 > 20000000
[21:23:44]  WARN MultiSell [10002] Production 'Dynasty Jeweled Leather Armor' [10487] price is lower than referenced | 25255000 > 20000000
[21:23:44]  WARN MultiSell [10002] Production 'Dynasty Jeweled Leather Armor' [10488] price is lower than referenced | 25255000 > 20000000
[21:23:44]  WARN MultiSell [10002] Production 'Dynasty Jeweled Leather Armor' [10489] price is lower than referenced | 25255000 > 20000000
[21:23:44]  WARN MultiSell [10002] Production 'Dynasty Jeweled Leather Armor' [10490] price is lower than referenced | 25255000 > 20000000
[21:23:44]  WARN MultiSell [10002] Production 'Dynasty Silver Satin Tunic' [10236] price is lower than referenced | 25255000 > 20000000
[21:23:44]  WARN MultiSell [10002] Production 'Dynasty Silver Satin Tunic' [10237] price is lower than referenced | 25255000 > 20000000
[21:23:44]  WARN MultiSell [10002] Production 'Dynasty Silver Satin Tunic' [10238] price is lower than referenced | 25255000 > 20000000
[21:23:44]  WARN MultiSell [10002] Production 'Dynasty Silver Satin Tunic' [10239] price is lower than referenced | 25255000 > 20000000
[21:23:44]  WARN MultiSell [10014] Production 'Moirai Necklace' [15725] price is lower than referenced | 10961000 > 8000000
[21:23:44]  WARN MultiSell [10014] Production 'Moirai Earring' [15724] price is lower than referenced | 8221000 > 8000000
[21:23:44]  WARN MultiSell [10014] Production 'Dynasty Earrings' [9455] price is lower than referenced | 5956000 > 1000000
[21:23:44]  WARN MultiSell [10014] Production 'Dynasty Ring' [9457] price is lower than referenced | 3971000 > 1000000
[21:23:44]  WARN MultiSell [10014] Production 'Tateossian Earring' [858] price is lower than referenced | 3270000 > 1000000
[21:23:44]  WARN MultiSell [10014] Production 'Tateossian Ring' [889] price is lower than referenced | 2180000 > 1000000
[21:23:44]  WARN MultiSell [10014] Production 'Majestic Earring' [862] price is lower than referenced | 1498000 > 1000000
[21:23:44]  INFO MultiSellHolder: loaded 253 multi sell(s) count.
[21:23:44]  INFO ProductItemTable: Loaded 0 product item on sale.
[21:23:45]  WARN AugmentationDataParser: Not find variants for mineral: 12762
[21:23:45]  WARN AugmentationDataParser: Not find variants for mineral: 12762
[21:23:45]  WARN AugmentationDataParser: Not find variants for mineral: 12762
[21:23:45]  WARN AugmentationDataParser: Not find variants for mineral: 12762
[21:23:45]  WARN AugmentationDataParser: Not find variants for mineral: 12762
[21:23:45]  WARN AugmentationDataParser: Not find variants for mineral: 12762
[21:23:45]  WARN AugmentationDataParser: Not find variants for mineral: 12762
[21:23:45]  WARN AugmentationDataParser: Not find variants for mineral: 12762
[21:23:45]  WARN AugmentationDataParser: Not find variants for mineral: 12762
[21:23:45]  WARN AugmentationDataParser: Not find variants for mineral: 12762
[21:23:45]  WARN AugmentationDataParser: Not find variants for mineral: 12762
[21:23:45]  WARN AugmentationDataParser: Not find variants for mineral: 12762
[21:23:45]  WARN AugmentationDataParser: Not find variants for mineral: 12762
[21:23:45]  INFO AugmentationDataHolder: loaded 1009 augmentation data(s) count.
[21:23:45]  INFO HennaHolder: loaded 180 henna(s) count.
[21:23:45]  INFO EnchantItemHolder: load 4 enchant scroll(s).
[21:23:45]  INFO SoulCrystalHolder: loaded 54 soul crystal(s) count.
[21:23:45]  INFO ArmorSetsHolder: loaded 217 armor sets(s) count.
[21:23:45]  INFO FishDataHolder: load 278 fish(es).
[21:23:45]  INFO FishDataHolder: load 30 lure(s).
[21:23:45]  INFO FishDataHolder: load 4 distribution(s).
[21:23:45]  INFO PetitionGroupHolder: loaded 1 petition group(s) count.
[21:23:45]  INFO CrestCache: Loaded 0 crests
[21:23:45] ERROR Clan sss1 have no leader!
[21:23:45]  WARN membersCount = 0 for clanId: 268485820
[21:23:45]  INFO SkillTreeTable: Loaded 526 enchanted skills.
[21:23:45]  INFO CharTemplateTable: Loaded 206 Character Templates.
[21:23:45]  INFO EnchantHPBonusTable: Loaded bonuses for 6 grades.
[21:23:45]  INFO LevelUpData: Loaded 103 Character Level Up Templates.
[21:23:45]  INFO PetSkillsTable: Loaded 2215 skills.
[21:23:45]  INFO Initializing ItemAuctionManager
[21:23:45]  INFO SpawnManager: spawned 2000 npc for group: NONE
[21:23:46]  INFO SpawnManager: spawned 6000 npc for group: NONE
[21:23:46]  INFO SpawnManager: spawned 9000 npc for group: NONE
[21:23:46]  INFO SpawnManager: spawned 11000 npc for group: NONE
[21:23:47]  INFO SpawnManager: spawned 13000 npc for group: NONE
[21:23:47]  INFO SpawnManager: spawned 14000 npc for group: NONE
[21:23:47]  INFO SpawnManager: spawned 15000 npc for group: NONE
[21:23:47]  INFO SpawnManager: spawned 18000 npc for group: NONE
[21:23:47]  INFO SpawnManager: spawned 23000 npc for group: NONE
[21:23:47]  INFO SpawnManager: spawned 24000 npc for group: NONE
[21:23:47]  INFO SpawnManager: spawned 27000 npc for group: NONE
[21:23:48]  INFO SpawnManager: spawned 31000 npc for group: NONE
[21:23:48]  INFO SpawnManager: spawned 32000 npc for group: NONE
[21:23:48]  INFO SpawnManager: spawned 33000 npc for group: NONE
[21:23:48]  INFO SpawnManager: spawned 34000 npc for group: NONE
[21:23:50]  INFO SpawnManager: spawned 36000 npc for group: NONE
[21:23:51]  INFO SpawnManager: spawned 37000 npc for group: NONE
[21:23:51]  INFO SpawnManager: spawned 37404 npc; spawns: 16989; group: NONE
[21:23:51]  INFO BoatHolder: loaded 6 boat(s) count.
[21:23:51]  INFO BoatHolder: Spawning: RuneGludinBoat
[21:23:51]  INFO BoatHolder: Spawning: GiranTalkingIslandBoat
[21:23:51]  INFO BoatHolder: Spawning: GludinTalkingIslandBoat
[21:23:51]  INFO BoatHolder: Spawning: InnadrilPleasureBoat
[21:23:51]  INFO BoatHolder: Spawning: RunePrimevalBoat
[21:23:51]  INFO BoatHolder: Spawning: AdenGracia_Airship
[21:23:51]  INFO StaticObjectHolder: spawned: 50 static object(s).
[21:23:51]  INFO ManorManager: Loaded 270 seeds
[21:23:51]  INFO AntharasManager: State of Antharas is NOTSPAWN.
[21:23:51]  INFO AntharasManager: Next spawn date of Antharas is 19:15 09.02.2016.
[21:23:51]  INFO BaiumManager: State of Baium is NOTSPAWN.
[21:23:51]  INFO BaiumManager: Next spawn date: 04:56 04.03.2016
[21:23:51]  INFO Beleth Manager: Loaded successfuly
[21:23:51]  INFO FourSepulchersManager: Loaded 20 Mysterious-Box spawns.
[21:23:51]  INFO FourSepulchersManager: loaded 716 physical monsters spawns.
[21:23:51]  INFO FourSepulchersManager: loaded 716 magical monsters spawns.
[21:23:51]  INFO FourSepulchersManager: loaded 92 Church of duke monsters spawns.
[21:23:51]  INFO FourSepulchersManager: loaded 68 Emperor's grave NPC spawns.
[21:23:51]  INFO FourSepulchersManager: Spawned Conquerors' Sepulcher Manager
[21:23:51]  INFO FourSepulchersManager: Spawned Emperors' Sepulcher Manager
[21:23:51]  INFO FourSepulchersManager: Spawned Great Sages' Sepulcher Manager
[21:23:51]  INFO FourSepulchersManager: Spawned Judges' Sepulcher Manager
[21:23:51]  INFO FourSepulchersManager: Beginning in Attack time
[21:23:51]  INFO SailrenManager: State of Sailren is NOTSPAWN.
[21:23:51]  INFO SailrenManager: Next spawn date of Sailren is 03:00 01.01.1970.
[21:23:51]  INFO ValakasManager: State of Valakas is NOTSPAWN.
[21:23:51]  INFO ValakasManager: Next spawn date of Valakas is 19:58 09.02.2016.
[21:23:51]  INFO Sat Mar 19 21:23:51 MSK 2016 Atk announce scheduled to 25.0 minute of this hour.
[21:23:51]  INFO Loaded Event: Christmas [state: deactivated]
[21:23:51]  INFO Service: Bash [disabled]
[21:23:51]  INFO DimensionalRiftManager: Loaded 13 room types with 96 rooms.
[21:23:51]  INFO DimensionalRiftManager: Loaded 281 dimensional rift spawns, 0 errors.
[21:23:51]  INFO AutoSpawnHandler: Loaded 50 handlers in total.
[21:23:51]  INFO Olympiad System: Loading Olympiad System....
[21:23:51]  INFO Olympiad System: Currently in Olympiad Period
[21:23:51]  INFO Olympiad System: Period Ends....
[21:23:51]  INFO Olympiad System: In 7 days, 4 hours and 36 mins.
[21:23:51]  INFO Olympiad System: Next Weekly Change is in....
[21:23:51]  INFO Olympiad System: In 3 days, 2 hours and 16 mins.
[21:23:51]  INFO Olympiad System: Loaded 25 Noblesses
[21:23:51]  INFO Olympiad System: Competition Period Starts in 0 days, 0 hours and 0 mins.
[21:23:51]  INFO Olympiad System: Event starts/started: Sat Mar 19 18:00:51 MSK 2016
[21:23:51]  INFO Hero System: Loaded 0 Heroes.
[21:23:51]  INFO Hero System: Loaded 0 all time Heroes.
[21:23:51]  INFO Initializing PetitionManager
[21:23:51]  INFO CursedWeaponsManager: Loaded 2 cursed weapon(s).
[21:23:51]  INFO Initializing CoupleManager
[21:23:51]  INFO Loaded: 0 couples(s)
[21:23:51]  INFO CoupleManager initialized
[21:23:51]  INFO AdminCommandHandler: loaded 314 admin command handler(s) count.
[21:23:51]  INFO UserCommandHandler: loaded 16 user command handler(s) count.
[21:23:51]  INFO VoicedCommandHandler: loaded 30 voiced command handler(s) count.
[21:23:51]  INFO BbsHandlerHolder: loaded 65 bbs handler(s) count.
[21:23:51]  INFO BypassHolder: loaded 183 bypass(s) count.
[21:23:51]  INFO OnShiftActionHolder: loaded 6 on shift action(s) count.
[21:23:51]  INFO Olympiad System: Olympiad Game Started
[21:23:51]  INFO =[Events]=========================================
[21:23:51]  INFO CastleSiegeEvent: Gludio Castle time - 20:00 20.03.2016
[21:23:51]  INFO CastleSiegeEvent: Dion Castle time - 22:00 20.03.2016
[21:23:51]  INFO CastleSiegeEvent: Giran Castle time - 16:00 20.03.2016
[21:23:51]  INFO CastleSiegeEvent: Oren Castle time - 18:00 20.03.2016
[21:23:51]  INFO CastleSiegeEvent: Aden Castle time - 18:00 20.03.2016
[21:23:51]  INFO CastleSiegeEvent: Innadril Castle time - 22:00 20.03.2016
[21:23:51]  INFO CastleSiegeEvent: Goddard Castle time - 18:00 20.03.2016
[21:23:51]  INFO CastleSiegeEvent: Rune Castle time - 18:00 20.03.2016
[21:23:51]  INFO CastleSiegeEvent: Schuttgart Castle time - 22:00 20.03.2016
[21:23:51]  INFO ClanHallNpcSiegeEvent: Fortress Of Resistance time - 20:00 21.03.2016
[21:23:51]  INFO ClanHallAuctionEvent: Moonstone Hall time - 17:00 18.01.2016
[21:23:51]  INFO ClanHallAuctionEvent: Onyx Hall time - 17:00 18.01.2016
[21:23:51]  INFO ClanHallAuctionEvent: Topaz Hall time - 17:00 18.01.2016
[21:23:51]  INFO ClanHallAuctionEvent: Ruby Hall time - 17:00 18.01.2016
[21:23:51]  INFO ClanHallAuctionEvent: Crystal Hall time - 17:00 18.01.2016
[21:23:51]  INFO ClanHallAuctionEvent: Onyx Hall time - 17:00 18.01.2016
[21:23:51]  INFO ClanHallAuctionEvent: Sapphire Hall time - 17:00 18.01.2016
[21:23:51]  INFO ClanHallAuctionEvent: Moonstone Hall time - 17:00 18.01.2016
[21:23:51]  INFO ClanHallAuctionEvent: Emerald Hall time - 17:00 18.01.2016
[21:23:51]  INFO ClanHallAuctionEvent: The Atramental Barracks time - 17:00 18.01.2016
[21:23:51]  INFO ClanHallAuctionEvent: The Scarlet Barracks time - 17:00 18.01.2016
[21:23:51]  INFO ClanHallAuctionEvent: The Viridian Barracks time - 17:00 18.01.2016
[21:23:51]  INFO ClanHallSiegeEvent: Devastated Castle time - 20:00 26.03.2016
[21:23:51]  INFO ClanHallTeamBattleEvent: Bandit Stronghold time - 00:00 27.03.2016
[21:23:51]  INFO ClanHallAuctionEvent: The Golden Chamber time - 17:00 18.01.2016
[21:23:51]  INFO ClanHallAuctionEvent: The Silver Chamber time - 17:00 18.01.2016
[21:23:51]  INFO ClanHallAuctionEvent: The Mithril Chamber time - 17:00 18.01.2016
[21:23:51]  INFO ClanHallAuctionEvent: Silver Manor time - 17:00 18.01.2016
[21:23:51]  INFO ClanHallAuctionEvent: Gold Manor time - 17:00 18.01.2016
[21:23:51]  INFO ClanHallAuctionEvent: The Bronze Chamber time - 17:00 18.01.2016
[21:23:51]  INFO ClanHallAuctionEvent: The Golden Chamber time - 17:00 18.01.2016
[21:23:51]  INFO ClanHallAuctionEvent: The Silver Chamber time - 17:00 18.01.2016
[21:23:51]  INFO ClanHallAuctionEvent: The Mithril Chamber time - 17:00 18.01.2016
[21:23:51]  INFO ClanHallAuctionEvent: The Bronze Chamber time - 17:00 18.01.2016
[21:23:51]  INFO ClanHallAuctionEvent: Silver Manor time - 17:00 18.01.2016
[21:23:51]  INFO ClanHallAuctionEvent: Moonstone Hall time - 17:00 18.01.2016
[21:23:51]  INFO ClanHallAuctionEvent: Onyx Hall time - 17:00 18.01.2016
[21:23:51]  INFO ClanHallAuctionEvent: Emerald Hall time - 17:00 18.01.2016
[21:23:51]  INFO ClanHallAuctionEvent: Sapphire Hall time - 17:00 18.01.2016
[21:23:51]  INFO ClanHallAuctionEvent: Mont Chamber time - 17:00 18.01.2016
[21:23:51]  INFO ClanHallAuctionEvent: Astaire Chamber time - 17:00 18.01.2016
[21:23:51]  INFO ClanHallAuctionEvent: Aria Chamber time - 17:00 18.01.2016
[21:23:51]  INFO ClanHallAuctionEvent: Yiana Chamber time - 17:00 18.01.2016
[21:23:51]  INFO ClanHallAuctionEvent: Roien Chamber time - 17:00 18.01.2016
[21:23:51]  INFO ClanHallAuctionEvent: Luna Chamber time - 17:00 18.01.2016
[21:23:51]  INFO ClanHallAuctionEvent: Traban Chamber time - 17:00 18.01.2016
[21:23:51]  INFO ClanHallAuctionEvent: Eisen Hall time - 17:00 18.01.2016
[21:23:51]  INFO ClanHallAuctionEvent: Heavy Metal Hall time - 17:00 18.01.2016
[21:23:51]  INFO ClanHallAuctionEvent: Molten Ore Hall time - 17:00 18.01.2016
[21:23:51]  INFO ClanHallAuctionEvent: Titan Hall time - 17:00 18.01.2016
[21:23:51]  INFO ClanHallMiniGameEvent: Rainbow Springs time - 00:00 27.03.2016
[21:23:51]  INFO ClanHallTeamBattleEvent: Wild Beast Reserve time - 23:00 26.03.2016
[21:23:51]  INFO ClanHallSiegeEvent: Fortress of Dead time - 20:00 26.03.2016
[21:23:51]  INFO DominionSiegeEvent: Gludio Dominion time - undefined
[21:23:51]  INFO DominionSiegeEvent: Dion Dominion time - undefined
[21:23:51]  INFO DominionSiegeEvent: Giran Dominion time - undefined
[21:23:51]  INFO DominionSiegeEvent: Oren Dominion time - undefined
[21:23:51]  INFO DominionSiegeEvent: Aden Dominion time - undefined
[21:23:51]  INFO DominionSiegeEvent: Innadril Dominion time - undefined
[21:23:51]  INFO DominionSiegeEvent: Goddard Dominion time - undefined
[21:23:51]  INFO DominionSiegeEvent: Rune Dominion time - undefined
[21:23:51]  INFO DominionSiegeEvent: Schuttgart Dominion time - undefined
[21:23:52]  INFO FortressSiegeEvent: Shanty Fortress time - undefined
[21:23:52]  INFO FortressSiegeEvent: Southern Fortress time - undefined
[21:23:52]  INFO FortressSiegeEvent: Hive Fortress time - undefined
[21:23:53]  INFO FortressSiegeEvent: Valley Fortress time - undefined
[21:23:53]  INFO FortressSiegeEvent: Ivory Fortress time - undefined
[21:23:53]  INFO FortressSiegeEvent: Narsell Fortress time - undefined
[21:23:53]  INFO FortressSiegeEvent: Bayou Fortress time - undefined
[21:23:54]  INFO FortressSiegeEvent: White Sands Fortress time - undefined
[21:23:54]  INFO FortressSiegeEvent: Borderland Fortress time - undefined
[21:23:54]  INFO FortressSiegeEvent: Swamp Fortress time - undefined
[21:23:54]  INFO FortressSiegeEvent: Archaic Fortress time - undefined
[21:23:55]  INFO FortressSiegeEvent: Floran Fortress time - undefined
[21:23:55]  INFO FortressSiegeEvent: Cloud Mountain Fortress time - undefined
[21:23:55]  INFO FortressSiegeEvent: Tanor Fortress time - undefined
[21:23:55]  INFO FortressSiegeEvent: Dragonspine Fortress time - undefined
[21:23:55]  INFO FortressSiegeEvent: Antharas Fortress time - undefined
[21:23:55]  INFO FortressSiegeEvent: Western Fortress time - undefined
[21:23:56]  INFO FortressSiegeEvent: Hunter's Fortress time - undefined
[21:23:56]  INFO FortressSiegeEvent: Aaru Fortress time - undefined
[21:23:57]  INFO FortressSiegeEvent: Demon Fortress time - undefined
[21:23:57]  INFO FortressSiegeEvent: Monastic Fortress time - undefined
[21:23:57]  INFO KrateisCubeEvent: Krateis Cube 70-75 Level time - 21:30 19.03.2016
[21:23:57]  INFO KrateisCubeEvent: Krateis Cube 76-79 Level time - 21:30 19.03.2016
[21:23:57]  INFO KrateisCubeEvent: Krateis Cube 80-85 Level time - 21:30 19.03.2016
[21:23:57]  INFO MonasteryOfSilenceMiniGameEvent: Monastery of Silence MiniGame time - undefined
[21:23:57]  INFO MonasteryOfSilenceMiniGameFireEvent: Monastery of Silence MiniGame Fire time - undefined
[21:23:57]  INFO MonasteryOfSilenceMiniGameEvent: Monastery of Silence MiniGame time - undefined
[21:23:57]  INFO MonasteryOfSilenceMiniGameFireEvent: Monastery of Silence MiniGame Fire time - undefined
[21:23:57]  INFO FunEvent: PCCafe Manager time - undefined
[21:23:57]  INFO FunEvent: Master Enchanting time - undefined
[21:23:57]  INFO ==================================================
[21:23:57]  INFO Manor System: Initializing...
[21:23:57]  INFO IdFactory: Free ObjectID's remaining: 1878997408
[21:23:57]  INFO HellboundManager: Loaded 628 spawn entries.
[21:23:57]  INFO HellboundManager: Spawned 964 mobs and NPCs according to the current Hellbound stage
[21:23:57]  INFO Hellbound Manager: Loaded
[21:23:57]  INFO Naia Tower Manager: Loaded 12 rooms
[21:23:57]  INFO Naia Core Manager: Loaded
[21:23:57]  INFO Seed of Destruction Manager: Loaded
[21:23:57]  INFO Seed of Infinity Manager: Loaded. Current stage is: 1
[21:23:57]  INFO SpawnManager: spawned 4 npc; spawns: 4; group: soi_world_mouths
[21:23:57]  INFO SpawnManager: spawned 1 npc; spawns: 1; group: soi_world_abyssgaze2
[21:23:57]  INFO Blood Altar Manager: Initializing...
[21:23:57]  INFO SpawnManager: spawned 63 npc; spawns: 63; group: bloodaltar_alive_npc
[21:23:57]  INFO SpawnManager: spawned 443 npc; spawns: 121; group: DAY
[21:23:58]  INFO SpawnManager: spawned 653 npc; spawns: 429; group: dawn_spawn
[21:23:58]  INFO SpawnManager: spawned 653 npc; spawns: 429; group: dusk_spawn
[21:23:58]  INFO Restoring offline traders...
[21:23:58]  INFO Restored 0 offline traders.
[21:23:58]  INFO GameServer started.
[21:23:58]  INFO Telnet server is currently disabled.
[21:23:58]  INFO =================================================
[21:23:58]  INFO Connecting to authserver on 127.0.0.1:9014
[21:23:58]  INFO AllowedMemory: ........... 3797504 KB
[21:23:58]  INFO      Allocated: .......... 3214784 KB (84.6552%)
[21:23:58]  INFO      Non-Allocated: ...... 582720 KB (15.3448%)
[21:23:58]  INFO AllocatedMemory: ......... 3214784 KB
[21:23:58]  INFO      Used: ............... 2085099 KB (54.9071%)
[21:23:58]  INFO      Unused (cached): .... 1129684 KB (29.7481%)
[21:23:58]  INFO UseableMemory: ........... 1712404 KB (45.0929%)
[21:23:58]  INFO =================================================
[21:23:58]  INFO Registered on authserver as 1 [Bartz]
[21:25:10]  INFO PetDataTable: Loaded 2354 pets.
